Classic Timing Analyzer report for calculadora_binaria
Fri Aug 16 07:47:55 2019
Quartus II Version 9.0 Build 235 06/17/2009 Service Pack 2 SJ Web Edition


---------------------
; Table of Contents ;
---------------------
  1. Legal Notice
  2. Timing Analyzer Summary
  3. Timing Analyzer Settings
  4. Clock Settings Summary
  5. Parallel Compilation
  6. Clock Setup: 'CLOCK'
  7. Clock Setup: 'CLK25'
  8. tsu
  9. tco
 10. th
 11. Timing Analyzer Messages



----------------
; Legal Notice ;
----------------
Copyright (C) 1991-2009 Altera Corporation
Your use of Altera Corporation's design tools, logic functions 
and other software and tools, and its AMPP partner logic 
functions, and any output files from any of the foregoing 
(including device programming or simulation files), and any 
associated documentation or information are expressly subject 
to the terms and conditions of the Altera Program License 
Subscription Agreement, Altera MegaCore Function License 
Agreement, or other applicable license agreement, including, 
without limitation, that your use is for the sole purpose of 
programming logic devices manufactured by Altera and sold by 
Altera or its authorized distributors.  Please refer to the 
applicable agreement for further details.



+----------------------------------------------------------------------------------------------------------------------------------------------------------------------------------------------------------------------------------------------------------+
; Timing Analyzer Summary                                                                                                                                                                                                                                  ;
+------------------------------+-------+---------------+------------------------------------------------+------------------------------------------------------+----------------------------------------------------+------------+----------+--------------+
; Type                         ; Slack ; Required Time ; Actual Time                                    ; From                                                 ; To                                                 ; From Clock ; To Clock ; Failed Paths ;
+------------------------------+-------+---------------+------------------------------------------------+------------------------------------------------------+----------------------------------------------------+------------+----------+--------------+
; Worst-case tsu               ; N/A   ; None          ; 7.600 ns                                       ; pin_name6                                            ; registrador:inst10|inst5                           ; --         ; BH1      ; 0            ;
; Worst-case tco               ; N/A   ; None          ; 81.800 ns                                      ; contador:inst1|inst1                                 ; c                                                  ; CLOCK      ; --       ; 0            ;
; Worst-case th                ; N/A   ; None          ; -0.200 ns                                      ; pin_name5                                            ; registrador:inst10|inst4                           ; --         ; BH1      ; 0            ;
; Clock Setup: 'CLK25'         ; N/A   ; None          ; 19.69 MHz ( period = 50.800 ns )               ; debouncer:inst4|contador_para_deboucing:inst4|inst35 ; debouncer:inst4|contador_para_deboucing:inst4|inst ; CLK25      ; CLK25    ; 0            ;
; Clock Setup: 'CLOCK'         ; N/A   ; None          ; Restricted to 200.00 MHz ( period = 5.000 ns ) ; divisor_de_clock:inst13|inst                         ; divisor_de_clock:inst13|inst                       ; CLOCK      ; CLOCK    ; 0            ;
; Total number of failed paths ;       ;               ;                                                ;                                                      ;                                                    ;            ;          ; 0            ;
+------------------------------+-------+---------------+------------------------------------------------+------------------------------------------------------+----------------------------------------------------+------------+----------+--------------+


+--------------------------------------------------------------------------------------------------------------------+
; Timing Analyzer Settings                                                                                           ;
+---------------------------------------------------------------------+--------------------+------+----+-------------+
; Option                                                              ; Setting            ; From ; To ; Entity Name ;
+---------------------------------------------------------------------+--------------------+------+----+-------------+
; Device Name                                                         ; EP1K100QC208-3     ;      ;    ;             ;
; Timing Models                                                       ; Final              ;      ;    ;             ;
; Default hold multicycle                                             ; Same as Multicycle ;      ;    ;             ;
; Cut paths between unrelated clock domains                           ; On                 ;      ;    ;             ;
; Cut off read during write signal paths                              ; On                 ;      ;    ;             ;
; Cut off feedback from I/O pins                                      ; On                 ;      ;    ;             ;
; Report Combined Fast/Slow Timing                                    ; Off                ;      ;    ;             ;
; Ignore Clock Settings                                               ; Off                ;      ;    ;             ;
; Analyze latches as synchronous elements                             ; On                 ;      ;    ;             ;
; Enable Recovery/Removal analysis                                    ; Off                ;      ;    ;             ;
; Enable Clock Latency                                                ; Off                ;      ;    ;             ;
; Use TimeQuest Timing Analyzer                                       ; Off                ;      ;    ;             ;
; Minimum Core Junction Temperature                                   ; 0                  ;      ;    ;             ;
; Maximum Core Junction Temperature                                   ; 85                 ;      ;    ;             ;
; Number of source nodes to report per destination node               ; 10                 ;      ;    ;             ;
; Number of destination nodes to report                               ; 10                 ;      ;    ;             ;
; Number of paths to report                                           ; 200                ;      ;    ;             ;
; Report Minimum Timing Checks                                        ; Off                ;      ;    ;             ;
; Use Fast Timing Models                                              ; Off                ;      ;    ;             ;
; Report IO Paths Separately                                          ; Off                ;      ;    ;             ;
; Perform Multicorner Analysis                                        ; Off                ;      ;    ;             ;
; Reports the worst-case path for each clock domain and analysis      ; Off                ;      ;    ;             ;
; Removes common clock path pessimism (CCPP) during slack computation ; Off                ;      ;    ;             ;
; Output I/O Timing Endpoint                                          ; Near End           ;      ;    ;             ;
+---------------------------------------------------------------------+--------------------+------+----+-------------+


+------------------------------------------------------------------------------------------------------------------------------------------------------------------------------------+
; Clock Settings Summary                                                                                                                                                             ;
+-----------------+--------------------+----------+------------------+---------------+--------------+----------+-----------------------+---------------------+--------+--------------+
; Clock Node Name ; Clock Setting Name ; Type     ; Fmax Requirement ; Early Latency ; Late Latency ; Based on ; Multiply Base Fmax by ; Divide Base Fmax by ; Offset ; Phase offset ;
+-----------------+--------------------+----------+------------------+---------------+--------------+----------+-----------------------+---------------------+--------+--------------+
; BH1             ;                    ; User Pin ; None             ; 0.000 ns      ; 0.000 ns     ; --       ; N/A                   ; N/A                 ; N/A    ;              ;
; CLOCK           ;                    ; User Pin ; None             ; 0.000 ns      ; 0.000 ns     ; --       ; N/A                   ; N/A                 ; N/A    ;              ;
; BH2             ;                    ; User Pin ; None             ; 0.000 ns      ; 0.000 ns     ; --       ; N/A                   ; N/A                 ; N/A    ;              ;
; CLK25           ;                    ; User Pin ; None             ; 0.000 ns      ; 0.000 ns     ; --       ; N/A                   ; N/A                 ; N/A    ;              ;
+-----------------+--------------------+----------+------------------+---------------+--------------+----------+-----------------------+---------------------+--------+--------------+


Parallel compilation was disabled, but you have multiple processors available. Enable parallel compilation to reduce compilation time.
+-------------------------------------+
; Parallel Compilation                ;
+----------------------------+--------+
; Processors                 ; Number ;
+----------------------------+--------+
; Number detected on machine ; 2      ;
; Maximum allowed            ; 1      ;
+----------------------------+--------+


+--------------------------------------------------------------------------------------------------------------------------------------------------------------------------------------------------------------------------------------+
; Clock Setup: 'CLOCK'                                                                                                                                                                                                                 ;
+-------+------------------------------------------------+--------------------------------+--------------------------------+------------+----------+-----------------------------+---------------------------+-------------------------+
; Slack ; Actual fmax (period)                           ; From                           ; To                             ; From Clock ; To Clock ; Required Setup Relationship ; Required Longest P2P Time ; Actual Longest P2P Time ;
+-------+------------------------------------------------+--------------------------------+--------------------------------+------------+----------+-----------------------------+---------------------------+-------------------------+
; N/A   ; Restricted to 200.00 MHz ( period = 5.000 ns ) ; contador:inst1|inst1           ; contador:inst1|inst1           ; CLOCK      ; CLOCK    ; None                        ; None                      ; 1.200 ns                ;
; N/A   ; Restricted to 200.00 MHz ( period = 5.000 ns ) ; contador:inst1|inst            ; contador:inst1|inst            ; CLOCK      ; CLOCK    ; None                        ; None                      ; 1.200 ns                ;
; N/A   ; Restricted to 200.00 MHz ( period = 5.000 ns ) ; divisor_de_clock:inst13|inst17 ; divisor_de_clock:inst13|inst17 ; CLOCK      ; CLOCK    ; None                        ; None                      ; 1.200 ns                ;
; N/A   ; Restricted to 200.00 MHz ( period = 5.000 ns ) ; divisor_de_clock:inst13|inst16 ; divisor_de_clock:inst13|inst16 ; CLOCK      ; CLOCK    ; None                        ; None                      ; 1.200 ns                ;
; N/A   ; Restricted to 200.00 MHz ( period = 5.000 ns ) ; divisor_de_clock:inst13|inst15 ; divisor_de_clock:inst13|inst15 ; CLOCK      ; CLOCK    ; None                        ; None                      ; 1.200 ns                ;
; N/A   ; Restricted to 200.00 MHz ( period = 5.000 ns ) ; divisor_de_clock:inst13|inst14 ; divisor_de_clock:inst13|inst14 ; CLOCK      ; CLOCK    ; None                        ; None                      ; 1.200 ns                ;
; N/A   ; Restricted to 200.00 MHz ( period = 5.000 ns ) ; divisor_de_clock:inst13|inst13 ; divisor_de_clock:inst13|inst13 ; CLOCK      ; CLOCK    ; None                        ; None                      ; 1.200 ns                ;
; N/A   ; Restricted to 200.00 MHz ( period = 5.000 ns ) ; divisor_de_clock:inst13|inst12 ; divisor_de_clock:inst13|inst12 ; CLOCK      ; CLOCK    ; None                        ; None                      ; 1.200 ns                ;
; N/A   ; Restricted to 200.00 MHz ( period = 5.000 ns ) ; divisor_de_clock:inst13|inst11 ; divisor_de_clock:inst13|inst11 ; CLOCK      ; CLOCK    ; None                        ; None                      ; 1.200 ns                ;
; N/A   ; Restricted to 200.00 MHz ( period = 5.000 ns ) ; divisor_de_clock:inst13|inst10 ; divisor_de_clock:inst13|inst10 ; CLOCK      ; CLOCK    ; None                        ; None                      ; 1.200 ns                ;
; N/A   ; Restricted to 200.00 MHz ( period = 5.000 ns ) ; divisor_de_clock:inst13|inst9  ; divisor_de_clock:inst13|inst9  ; CLOCK      ; CLOCK    ; None                        ; None                      ; 1.200 ns                ;
; N/A   ; Restricted to 200.00 MHz ( period = 5.000 ns ) ; divisor_de_clock:inst13|inst8  ; divisor_de_clock:inst13|inst8  ; CLOCK      ; CLOCK    ; None                        ; None                      ; 1.200 ns                ;
; N/A   ; Restricted to 200.00 MHz ( period = 5.000 ns ) ; divisor_de_clock:inst13|inst7  ; divisor_de_clock:inst13|inst7  ; CLOCK      ; CLOCK    ; None                        ; None                      ; 1.200 ns                ;
; N/A   ; Restricted to 200.00 MHz ( period = 5.000 ns ) ; divisor_de_clock:inst13|inst6  ; divisor_de_clock:inst13|inst6  ; CLOCK      ; CLOCK    ; None                        ; None                      ; 1.200 ns                ;
; N/A   ; Restricted to 200.00 MHz ( period = 5.000 ns ) ; divisor_de_clock:inst13|inst5  ; divisor_de_clock:inst13|inst5  ; CLOCK      ; CLOCK    ; None                        ; None                      ; 1.200 ns                ;
; N/A   ; Restricted to 200.00 MHz ( period = 5.000 ns ) ; divisor_de_clock:inst13|inst4  ; divisor_de_clock:inst13|inst4  ; CLOCK      ; CLOCK    ; None                        ; None                      ; 1.200 ns                ;
; N/A   ; Restricted to 200.00 MHz ( period = 5.000 ns ) ; divisor_de_clock:inst13|inst3  ; divisor_de_clock:inst13|inst3  ; CLOCK      ; CLOCK    ; None                        ; None                      ; 1.200 ns                ;
; N/A   ; Restricted to 200.00 MHz ( period = 5.000 ns ) ; divisor_de_clock:inst13|inst2  ; divisor_de_clock:inst13|inst2  ; CLOCK      ; CLOCK    ; None                        ; None                      ; 1.200 ns                ;
; N/A   ; Restricted to 200.00 MHz ( period = 5.000 ns ) ; divisor_de_clock:inst13|inst1  ; divisor_de_clock:inst13|inst1  ; CLOCK      ; CLOCK    ; None                        ; None                      ; 1.200 ns                ;
; N/A   ; Restricted to 200.00 MHz ( period = 5.000 ns ) ; divisor_de_clock:inst13|inst   ; divisor_de_clock:inst13|inst   ; CLOCK      ; CLOCK    ; None                        ; None                      ; 1.200 ns                ;
+-------+------------------------------------------------+--------------------------------+--------------------------------+------------+----------+-----------------------------+---------------------------+-------------------------+


+----------------------------------------------------------------------------------------------------------------------------------------------------------------------------------------------------------------------------------------------------------------------------------+
; Clock Setup: 'CLK25'                                                                                                                                                                                                                                                             ;
+-------+------------------------------------------------+------------------------------------------------------+------------------------------------------------------+------------+----------+-----------------------------+---------------------------+-------------------------+
; Slack ; Actual fmax (period)                           ; From                                                 ; To                                                   ; From Clock ; To Clock ; Required Setup Relationship ; Required Longest P2P Time ; Actual Longest P2P Time ;
+-------+------------------------------------------------+------------------------------------------------------+------------------------------------------------------+------------+----------+-----------------------------+---------------------------+-------------------------+
; N/A   ; 19.69 MHz ( period = 50.800 ns )               ; debouncer:inst4|contador_para_deboucing:inst4|inst35 ; debouncer:inst4|contador_para_deboucing:inst4|inst   ; CLK25      ; CLK25    ; None                        ; None                      ; 2.400 ns                ;
; N/A   ; 20.45 MHz ( period = 48.900 ns )               ; debouncer:inst4|contador_para_deboucing:inst4|inst35 ; debouncer:inst4|inst1                                ; CLK25      ; CLK25    ; None                        ; None                      ; 0.500 ns                ;
; N/A   ; 20.49 MHz ( period = 48.800 ns )               ; debouncer:inst4|contador_para_deboucing:inst4|inst35 ; debouncer:inst4|contador_para_deboucing:inst4|inst19 ; CLK25      ; CLK25    ; None                        ; None                      ; 3.300 ns                ;
; N/A   ; 21.05 MHz ( period = 47.500 ns )               ; debouncer:inst4|contador_para_deboucing:inst4|inst35 ; debouncer:inst4|contador_para_deboucing:inst4|inst20 ; CLK25      ; CLK25    ; None                        ; None                      ; 3.300 ns                ;
; N/A   ; 22.37 MHz ( period = 44.700 ns )               ; debouncer:inst4|contador_para_deboucing:inst4|inst35 ; debouncer:inst4|contador_para_deboucing:inst4|inst21 ; CLK25      ; CLK25    ; None                        ; None                      ; 3.300 ns                ;
; N/A   ; 23.92 MHz ( period = 41.800 ns )               ; debouncer:inst4|contador_para_deboucing:inst4|inst35 ; debouncer:inst4|contador_para_deboucing:inst4|inst22 ; CLK25      ; CLK25    ; None                        ; None                      ; 3.300 ns                ;
; N/A   ; 25.64 MHz ( period = 39.000 ns )               ; debouncer:inst4|contador_para_deboucing:inst4|inst35 ; debouncer:inst4|contador_para_deboucing:inst4|inst23 ; CLK25      ; CLK25    ; None                        ; None                      ; 3.300 ns                ;
; N/A   ; 26.53 MHz ( period = 37.700 ns )               ; debouncer:inst4|contador_para_deboucing:inst4|inst35 ; debouncer:inst4|contador_para_deboucing:inst4|inst27 ; CLK25      ; CLK25    ; None                        ; None                      ; 3.300 ns                ;
; N/A   ; 28.74 MHz ( period = 34.800 ns )               ; debouncer:inst4|contador_para_deboucing:inst4|inst35 ; debouncer:inst4|contador_para_deboucing:inst4|inst24 ; CLK25      ; CLK25    ; None                        ; None                      ; 3.300 ns                ;
; N/A   ; 31.55 MHz ( period = 31.700 ns )               ; debouncer:inst4|contador_para_deboucing:inst4|inst35 ; debouncer:inst4|contador_para_deboucing:inst4|inst25 ; CLK25      ; CLK25    ; None                        ; None                      ; 3.300 ns                ;
; N/A   ; 34.60 MHz ( period = 28.900 ns )               ; debouncer:inst4|contador_para_deboucing:inst4|inst35 ; debouncer:inst4|contador_para_deboucing:inst4|inst26 ; CLK25      ; CLK25    ; None                        ; None                      ; 3.400 ns                ;
; N/A   ; 38.61 MHz ( period = 25.900 ns )               ; debouncer:inst4|contador_para_deboucing:inst4|inst35 ; debouncer:inst4|contador_para_deboucing:inst4|inst28 ; CLK25      ; CLK25    ; None                        ; None                      ; 3.300 ns                ;
; N/A   ; 43.67 MHz ( period = 22.900 ns )               ; debouncer:inst4|contador_para_deboucing:inst4|inst35 ; debouncer:inst4|contador_para_deboucing:inst4|inst29 ; CLK25      ; CLK25    ; None                        ; None                      ; 3.400 ns                ;
; N/A   ; 50.00 MHz ( period = 20.000 ns )               ; debouncer:inst4|contador_para_deboucing:inst4|inst35 ; debouncer:inst4|contador_para_deboucing:inst4|inst30 ; CLK25      ; CLK25    ; None                        ; None                      ; 3.400 ns                ;
; N/A   ; 58.14 MHz ( period = 17.200 ns )               ; debouncer:inst4|contador_para_deboucing:inst4|inst35 ; debouncer:inst4|contador_para_deboucing:inst4|inst31 ; CLK25      ; CLK25    ; None                        ; None                      ; 3.600 ns                ;
; N/A   ; 71.43 MHz ( period = 14.000 ns )               ; debouncer:inst4|contador_para_deboucing:inst4|inst35 ; debouncer:inst4|contador_para_deboucing:inst4|inst32 ; CLK25      ; CLK25    ; None                        ; None                      ; 3.300 ns                ;
; N/A   ; 90.09 MHz ( period = 11.100 ns )               ; debouncer:inst4|contador_para_deboucing:inst4|inst35 ; debouncer:inst4|contador_para_deboucing:inst4|inst33 ; CLK25      ; CLK25    ; None                        ; None                      ; 3.400 ns                ;
; N/A   ; 120.48 MHz ( period = 8.300 ns )               ; debouncer:inst4|contador_para_deboucing:inst4|inst35 ; debouncer:inst4|contador_para_deboucing:inst4|inst34 ; CLK25      ; CLK25    ; None                        ; None                      ; 3.600 ns                ;
; N/A   ; Restricted to 200.00 MHz ( period = 5.000 ns ) ; debouncer:inst4|contador_para_deboucing:inst4|inst35 ; debouncer:inst4|contador_para_deboucing:inst4|inst35 ; CLK25      ; CLK25    ; None                        ; None                      ; 2.400 ns                ;
; N/A   ; Restricted to 200.00 MHz ( period = 5.000 ns ) ; inst7                                                ; inst7                                                ; CLK25      ; CLK25    ; None                        ; None                      ; 1.200 ns                ;
; N/A   ; Restricted to 200.00 MHz ( period = 5.000 ns ) ; debouncer:inst4|inst2                                ; debouncer:inst4|inst1                                ; CLK25      ; CLK25    ; None                        ; None                      ; 1.200 ns                ;
; N/A   ; Restricted to 200.00 MHz ( period = 5.000 ns ) ; debouncer:inst4|inst                                 ; debouncer:inst4|inst2                                ; CLK25      ; CLK25    ; None                        ; None                      ; 1.200 ns                ;
; N/A   ; Restricted to 200.00 MHz ( period = 5.000 ns ) ; debouncer:inst4|contador_para_deboucing:inst4|inst34 ; debouncer:inst4|contador_para_deboucing:inst4|inst34 ; CLK25      ; CLK25    ; None                        ; None                      ; 1.200 ns                ;
; N/A   ; Restricted to 200.00 MHz ( period = 5.000 ns ) ; debouncer:inst4|contador_para_deboucing:inst4|inst33 ; debouncer:inst4|contador_para_deboucing:inst4|inst33 ; CLK25      ; CLK25    ; None                        ; None                      ; 1.200 ns                ;
; N/A   ; Restricted to 200.00 MHz ( period = 5.000 ns ) ; debouncer:inst4|contador_para_deboucing:inst4|inst32 ; debouncer:inst4|contador_para_deboucing:inst4|inst32 ; CLK25      ; CLK25    ; None                        ; None                      ; 1.200 ns                ;
; N/A   ; Restricted to 200.00 MHz ( period = 5.000 ns ) ; debouncer:inst4|contador_para_deboucing:inst4|inst31 ; debouncer:inst4|contador_para_deboucing:inst4|inst31 ; CLK25      ; CLK25    ; None                        ; None                      ; 1.200 ns                ;
; N/A   ; Restricted to 200.00 MHz ( period = 5.000 ns ) ; debouncer:inst4|contador_para_deboucing:inst4|inst30 ; debouncer:inst4|contador_para_deboucing:inst4|inst30 ; CLK25      ; CLK25    ; None                        ; None                      ; 1.200 ns                ;
; N/A   ; Restricted to 200.00 MHz ( period = 5.000 ns ) ; debouncer:inst4|contador_para_deboucing:inst4|inst29 ; debouncer:inst4|contador_para_deboucing:inst4|inst29 ; CLK25      ; CLK25    ; None                        ; None                      ; 1.200 ns                ;
; N/A   ; Restricted to 200.00 MHz ( period = 5.000 ns ) ; debouncer:inst4|contador_para_deboucing:inst4|inst28 ; debouncer:inst4|contador_para_deboucing:inst4|inst28 ; CLK25      ; CLK25    ; None                        ; None                      ; 1.200 ns                ;
; N/A   ; Restricted to 200.00 MHz ( period = 5.000 ns ) ; debouncer:inst4|contador_para_deboucing:inst4|inst26 ; debouncer:inst4|contador_para_deboucing:inst4|inst26 ; CLK25      ; CLK25    ; None                        ; None                      ; 1.200 ns                ;
; N/A   ; Restricted to 200.00 MHz ( period = 5.000 ns ) ; debouncer:inst4|contador_para_deboucing:inst4|inst25 ; debouncer:inst4|contador_para_deboucing:inst4|inst25 ; CLK25      ; CLK25    ; None                        ; None                      ; 1.200 ns                ;
; N/A   ; Restricted to 200.00 MHz ( period = 5.000 ns ) ; debouncer:inst4|contador_para_deboucing:inst4|inst24 ; debouncer:inst4|contador_para_deboucing:inst4|inst24 ; CLK25      ; CLK25    ; None                        ; None                      ; 1.200 ns                ;
; N/A   ; Restricted to 200.00 MHz ( period = 5.000 ns ) ; debouncer:inst4|contador_para_deboucing:inst4|inst27 ; debouncer:inst4|contador_para_deboucing:inst4|inst27 ; CLK25      ; CLK25    ; None                        ; None                      ; 1.200 ns                ;
; N/A   ; Restricted to 200.00 MHz ( period = 5.000 ns ) ; debouncer:inst4|contador_para_deboucing:inst4|inst23 ; debouncer:inst4|contador_para_deboucing:inst4|inst23 ; CLK25      ; CLK25    ; None                        ; None                      ; 1.200 ns                ;
; N/A   ; Restricted to 200.00 MHz ( period = 5.000 ns ) ; debouncer:inst4|contador_para_deboucing:inst4|inst22 ; debouncer:inst4|contador_para_deboucing:inst4|inst22 ; CLK25      ; CLK25    ; None                        ; None                      ; 1.200 ns                ;
; N/A   ; Restricted to 200.00 MHz ( period = 5.000 ns ) ; debouncer:inst4|contador_para_deboucing:inst4|inst21 ; debouncer:inst4|contador_para_deboucing:inst4|inst21 ; CLK25      ; CLK25    ; None                        ; None                      ; 1.200 ns                ;
; N/A   ; Restricted to 200.00 MHz ( period = 5.000 ns ) ; debouncer:inst4|contador_para_deboucing:inst4|inst20 ; debouncer:inst4|contador_para_deboucing:inst4|inst20 ; CLK25      ; CLK25    ; None                        ; None                      ; 1.200 ns                ;
; N/A   ; Restricted to 200.00 MHz ( period = 5.000 ns ) ; debouncer:inst4|contador_para_deboucing:inst4|inst19 ; debouncer:inst4|contador_para_deboucing:inst4|inst19 ; CLK25      ; CLK25    ; None                        ; None                      ; 1.200 ns                ;
; N/A   ; Restricted to 200.00 MHz ( period = 5.000 ns ) ; debouncer:inst4|contador_para_deboucing:inst4|inst   ; debouncer:inst4|contador_para_deboucing:inst4|inst   ; CLK25      ; CLK25    ; None                        ; None                      ; 1.200 ns                ;
+-------+------------------------------------------------+------------------------------------------------------+------------------------------------------------------+------------+----------+-----------------------------+---------------------------+-------------------------+


+-------------------------------------------------------------------------------------+
; tsu                                                                                 ;
+-------+--------------+------------+-----------+--------------------------+----------+
; Slack ; Required tsu ; Actual tsu ; From      ; To                       ; To Clock ;
+-------+--------------+------------+-----------+--------------------------+----------+
; N/A   ; None         ; 7.600 ns   ; pin_name6 ; registrador:inst10|inst5 ; BH1      ;
; N/A   ; None         ; 6.800 ns   ; MSB       ; registrador:inst|inst    ; BH1      ;
; N/A   ; None         ; 6.700 ns   ; LSB       ; registrador:inst|inst6   ; BH1      ;
; N/A   ; None         ; 6.600 ns   ; pin_name2 ; registrador:inst|inst5   ; BH1      ;
; N/A   ; None         ; 6.500 ns   ; LSB2      ; registrador:inst10|inst6 ; BH1      ;
; N/A   ; None         ; 4.800 ns   ; pin_name1 ; registrador:inst|inst4   ; BH1      ;
; N/A   ; None         ; 4.400 ns   ; Operacao  ; debouncer:inst4|inst     ; CLK25    ;
; N/A   ; None         ; 4.300 ns   ; MSB2      ; registrador:inst10|inst  ; BH1      ;
; N/A   ; None         ; 1.800 ns   ; pin_name5 ; registrador:inst10|inst4 ; BH1      ;
+-------+--------------+------------+-----------+--------------------------+----------+


+--------------------------------------------------------------------------------+
; tco                                                                            ;
+-------+--------------+------------+--------------------------+----+------------+
; Slack ; Required tco ; Actual tco ; From                     ; To ; From Clock ;
+-------+--------------+------------+--------------------------+----+------------+
; N/A   ; None         ; 81.800 ns  ; contador:inst1|inst1     ; c  ; CLOCK      ;
; N/A   ; None         ; 79.300 ns  ; contador:inst1|inst      ; c  ; CLOCK      ;
; N/A   ; None         ; 79.000 ns  ; contador:inst1|inst1     ; b  ; CLOCK      ;
; N/A   ; None         ; 78.200 ns  ; contador:inst1|inst1     ; g  ; CLOCK      ;
; N/A   ; None         ; 76.500 ns  ; contador:inst1|inst      ; b  ; CLOCK      ;
; N/A   ; None         ; 75.900 ns  ; contador:inst1|inst1     ; A  ; CLOCK      ;
; N/A   ; None         ; 75.800 ns  ; contador:inst1|inst      ; g  ; CLOCK      ;
; N/A   ; None         ; 75.200 ns  ; contador:inst1|inst1     ; d  ; CLOCK      ;
; N/A   ; None         ; 74.800 ns  ; contador:inst1|inst1     ; e  ; CLOCK      ;
; N/A   ; None         ; 73.900 ns  ; contador:inst1|inst1     ; dp ; CLOCK      ;
; N/A   ; None         ; 73.800 ns  ; contador:inst1|inst1     ; f  ; CLOCK      ;
; N/A   ; None         ; 73.200 ns  ; contador:inst1|inst1     ; d4 ; CLOCK      ;
; N/A   ; None         ; 73.200 ns  ; contador:inst1|inst1     ; d1 ; CLOCK      ;
; N/A   ; None         ; 73.200 ns  ; contador:inst1|inst      ; e  ; CLOCK      ;
; N/A   ; None         ; 73.100 ns  ; contador:inst1|inst1     ; d3 ; CLOCK      ;
; N/A   ; None         ; 72.900 ns  ; contador:inst1|inst1     ; d2 ; CLOCK      ;
; N/A   ; None         ; 72.700 ns  ; contador:inst1|inst      ; d  ; CLOCK      ;
; N/A   ; None         ; 71.900 ns  ; contador:inst1|inst      ; dp ; CLOCK      ;
; N/A   ; None         ; 71.800 ns  ; contador:inst1|inst      ; A  ; CLOCK      ;
; N/A   ; None         ; 71.500 ns  ; contador:inst1|inst      ; f  ; CLOCK      ;
; N/A   ; None         ; 70.800 ns  ; contador:inst1|inst      ; d2 ; CLOCK      ;
; N/A   ; None         ; 70.700 ns  ; contador:inst1|inst      ; d4 ; CLOCK      ;
; N/A   ; None         ; 70.700 ns  ; contador:inst1|inst      ; d1 ; CLOCK      ;
; N/A   ; None         ; 70.600 ns  ; contador:inst1|inst      ; d3 ; CLOCK      ;
; N/A   ; None         ; 26.200 ns  ; registrador:inst10|inst  ; c  ; BH1        ;
; N/A   ; None         ; 25.300 ns  ; registrador:inst10|inst6 ; c  ; BH1        ;
; N/A   ; None         ; 24.700 ns  ; registrador:inst10|inst  ; g  ; BH1        ;
; N/A   ; None         ; 24.500 ns  ; registrador:inst10|inst6 ; g  ; BH1        ;
; N/A   ; None         ; 24.300 ns  ; registrador:inst9|inst5  ; c  ; BH2        ;
; N/A   ; None         ; 24.200 ns  ; registrador:inst|inst4   ; c  ; BH1        ;
; N/A   ; None         ; 24.200 ns  ; registrador:inst10|inst  ; b  ; BH1        ;
; N/A   ; None         ; 24.200 ns  ; registrador:inst10|inst  ; A  ; BH1        ;
; N/A   ; None         ; 23.800 ns  ; registrador:inst10|inst  ; d  ; BH1        ;
; N/A   ; None         ; 23.800 ns  ; registrador:inst10|inst5 ; c  ; BH1        ;
; N/A   ; None         ; 23.600 ns  ; registrador:inst10|inst6 ; d  ; BH1        ;
; N/A   ; None         ; 23.600 ns  ; registrador:inst|inst4   ; d  ; BH1        ;
; N/A   ; None         ; 23.600 ns  ; registrador:inst10|inst4 ; c  ; BH1        ;
; N/A   ; None         ; 23.600 ns  ; registrador:inst10|inst6 ; b  ; BH1        ;
; N/A   ; None         ; 23.400 ns  ; registrador:inst|inst5   ; c  ; BH1        ;
; N/A   ; None         ; 23.300 ns  ; registrador:inst|inst    ; c  ; BH1        ;
; N/A   ; None         ; 23.300 ns  ; registrador:inst9|inst6  ; c  ; BH2        ;
; N/A   ; None         ; 23.000 ns  ; registrador:inst10|inst4 ; A  ; BH1        ;
; N/A   ; None         ; 22.900 ns  ; registrador:inst|inst6   ; c  ; BH1        ;
; N/A   ; None         ; 22.900 ns  ; registrador:inst10|inst6 ; A  ; BH1        ;
; N/A   ; None         ; 22.800 ns  ; registrador:inst|inst6   ; d  ; BH1        ;
; N/A   ; None         ; 22.700 ns  ; registrador:inst11|inst  ; c  ; BH2        ;
; N/A   ; None         ; 22.700 ns  ; registrador:inst|inst4   ; A  ; BH1        ;
; N/A   ; None         ; 22.500 ns  ; registrador:inst|inst5   ; d  ; BH1        ;
; N/A   ; None         ; 22.500 ns  ; registrador:inst9|inst4  ; c  ; BH2        ;
; N/A   ; None         ; 22.500 ns  ; registrador:inst10|inst5 ; A  ; BH1        ;
; N/A   ; None         ; 22.400 ns  ; registrador:inst|inst    ; d  ; BH1        ;
; N/A   ; None         ; 22.300 ns  ; registrador:inst10|inst5 ; g  ; BH1        ;
; N/A   ; None         ; 22.300 ns  ; registrador:inst10|inst  ; e  ; BH1        ;
; N/A   ; None         ; 22.200 ns  ; registrador:inst10|inst4 ; g  ; BH1        ;
; N/A   ; None         ; 21.800 ns  ; registrador:inst10|inst5 ; b  ; BH1        ;
; N/A   ; None         ; 21.800 ns  ; registrador:inst9|inst5  ; b  ; BH2        ;
; N/A   ; None         ; 21.600 ns  ; registrador:inst|inst    ; A  ; BH1        ;
; N/A   ; None         ; 21.500 ns  ; registrador:inst|inst4   ; b  ; BH1        ;
; N/A   ; None         ; 21.400 ns  ; registrador:inst10|inst4 ; d  ; BH1        ;
; N/A   ; None         ; 21.400 ns  ; registrador:inst|inst6   ; A  ; BH1        ;
; N/A   ; None         ; 21.300 ns  ; registrador:inst10|inst5 ; d  ; BH1        ;
; N/A   ; None         ; 21.300 ns  ; registrador:inst10|inst4 ; b  ; BH1        ;
; N/A   ; None         ; 21.200 ns  ; registrador:inst10|inst  ; f  ; BH1        ;
; N/A   ; None         ; 21.200 ns  ; registrador:inst|inst5   ; A  ; BH1        ;
; N/A   ; None         ; 21.000 ns  ; registrador:inst|inst4   ; f  ; BH1        ;
; N/A   ; None         ; 21.000 ns  ; registrador:inst9|inst   ; c  ; BH2        ;
; N/A   ; None         ; 21.000 ns  ; registrador:inst|inst5   ; b  ; BH1        ;
; N/A   ; None         ; 20.900 ns  ; registrador:inst|inst    ; b  ; BH1        ;
; N/A   ; None         ; 20.800 ns  ; registrador:inst10|inst6 ; f  ; BH1        ;
; N/A   ; None         ; 20.800 ns  ; registrador:inst|inst6   ; b  ; BH1        ;
; N/A   ; None         ; 20.800 ns  ; registrador:inst9|inst6  ; b  ; BH2        ;
; N/A   ; None         ; 20.600 ns  ; registrador:inst|inst4   ; g  ; BH1        ;
; N/A   ; None         ; 20.500 ns  ; registrador:inst|inst4   ; e  ; BH1        ;
; N/A   ; None         ; 20.200 ns  ; registrador:inst11|inst  ; b  ; BH2        ;
; N/A   ; None         ; 20.000 ns  ; registrador:inst9|inst4  ; b  ; BH2        ;
; N/A   ; None         ; 19.700 ns  ; registrador:inst10|inst4 ; e  ; BH1        ;
; N/A   ; None         ; 19.400 ns  ; registrador:inst10|inst5 ; e  ; BH1        ;
; N/A   ; None         ; 19.000 ns  ; registrador:inst10|inst4 ; f  ; BH1        ;
; N/A   ; None         ; 18.700 ns  ; registrador:inst10|inst5 ; f  ; BH1        ;
; N/A   ; None         ; 18.500 ns  ; registrador:inst9|inst   ; b  ; BH2        ;
; N/A   ; None         ; 18.300 ns  ; registrador:inst11|inst  ; g  ; BH2        ;
; N/A   ; None         ; 18.000 ns  ; registrador:inst|inst6   ; g  ; BH1        ;
; N/A   ; None         ; 17.900 ns  ; registrador:inst10|inst  ; dp ; BH1        ;
; N/A   ; None         ; 17.900 ns  ; registrador:inst|inst6   ; f  ; BH1        ;
; N/A   ; None         ; 17.800 ns  ; registrador:inst|inst5   ; g  ; BH1        ;
; N/A   ; None         ; 17.800 ns  ; registrador:inst|inst5   ; f  ; BH1        ;
; N/A   ; None         ; 17.600 ns  ; registrador:inst10|inst6 ; e  ; BH1        ;
; N/A   ; None         ; 17.500 ns  ; registrador:inst|inst    ; f  ; BH1        ;
; N/A   ; None         ; 17.400 ns  ; registrador:inst|inst    ; g  ; BH1        ;
; N/A   ; None         ; 17.400 ns  ; registrador:inst|inst    ; e  ; BH1        ;
; N/A   ; None         ; 17.300 ns  ; registrador:inst|inst5   ; e  ; BH1        ;
; N/A   ; None         ; 15.900 ns  ; registrador:inst|inst    ; dp ; BH1        ;
; N/A   ; None         ; 15.700 ns  ; registrador:inst|inst6   ; e  ; BH1        ;
+-------+--------------+------------+--------------------------+----+------------+


+-------------------------------------------------------------------------------------------+
; th                                                                                        ;
+---------------+-------------+-----------+-----------+--------------------------+----------+
; Minimum Slack ; Required th ; Actual th ; From      ; To                       ; To Clock ;
+---------------+-------------+-----------+-----------+--------------------------+----------+
; N/A           ; None        ; -0.200 ns ; pin_name5 ; registrador:inst10|inst4 ; BH1      ;
; N/A           ; None        ; -2.700 ns ; MSB2      ; registrador:inst10|inst  ; BH1      ;
; N/A           ; None        ; -2.800 ns ; Operacao  ; debouncer:inst4|inst     ; CLK25    ;
; N/A           ; None        ; -3.200 ns ; pin_name1 ; registrador:inst|inst4   ; BH1      ;
; N/A           ; None        ; -4.900 ns ; LSB2      ; registrador:inst10|inst6 ; BH1      ;
; N/A           ; None        ; -5.000 ns ; pin_name2 ; registrador:inst|inst5   ; BH1      ;
; N/A           ; None        ; -5.100 ns ; LSB       ; registrador:inst|inst6   ; BH1      ;
; N/A           ; None        ; -5.200 ns ; MSB       ; registrador:inst|inst    ; BH1      ;
; N/A           ; None        ; -6.000 ns ; pin_name6 ; registrador:inst10|inst5 ; BH1      ;
+---------------+-------------+-----------+-----------+--------------------------+----------+


+--------------------------+
; Timing Analyzer Messages ;
+--------------------------+
Info: *******************************************************************
Info: Running Quartus II Classic Timing Analyzer
    Info: Version 9.0 Build 235 06/17/2009 Service Pack 2 SJ Web Edition
    Info: Processing started: Fri Aug 16 07:47:53 2019
Info: Command: quartus_tan --read_settings_files=off --write_settings_files=off calculadora_binaria -c calculadora_binaria
Info: Started post-fitting delay annotation
Info: Delay annotation completed successfully
Warning: Found pins functioning as undefined clocks and/or memory enables
    Info: Assuming node "BH1" is an undefined clock
    Info: Assuming node "CLOCK" is an undefined clock
    Info: Assuming node "BH2" is an undefined clock
    Info: Assuming node "CLK25" is an undefined clock
Warning: Found 37 node(s) in clock paths which may be acting as ripple and/or gated clocks -- node(s) analyzed as buffer(s) resulting in clock skew
    Info: Detected ripple clock "debouncer:inst4|contador_para_deboucing:inst4|inst" as buffer
    Info: Detected ripple clock "debouncer:inst4|contador_para_deboucing:inst4|inst19" as buffer
    Info: Detected ripple clock "debouncer:inst4|contador_para_deboucing:inst4|inst20" as buffer
    Info: Detected ripple clock "divisor_de_clock:inst13|inst" as buffer
    Info: Detected ripple clock "debouncer:inst4|contador_para_deboucing:inst4|inst21" as buffer
    Info: Detected ripple clock "divisor_de_clock:inst13|inst1" as buffer
    Info: Detected ripple clock "debouncer:inst4|contador_para_deboucing:inst4|inst22" as buffer
    Info: Detected ripple clock "divisor_de_clock:inst13|inst2" as buffer
    Info: Detected ripple clock "debouncer:inst4|contador_para_deboucing:inst4|inst23" as buffer
    Info: Detected ripple clock "divisor_de_clock:inst13|inst3" as buffer
    Info: Detected ripple clock "debouncer:inst4|contador_para_deboucing:inst4|inst27" as buffer
    Info: Detected ripple clock "divisor_de_clock:inst13|inst4" as buffer
    Info: Detected ripple clock "debouncer:inst4|contador_para_deboucing:inst4|inst24" as buffer
    Info: Detected ripple clock "divisor_de_clock:inst13|inst5" as buffer
    Info: Detected ripple clock "debouncer:inst4|contador_para_deboucing:inst4|inst25" as buffer
    Info: Detected ripple clock "divisor_de_clock:inst13|inst6" as buffer
    Info: Detected ripple clock "debouncer:inst4|contador_para_deboucing:inst4|inst26" as buffer
    Info: Detected ripple clock "divisor_de_clock:inst13|inst7" as buffer
    Info: Detected ripple clock "debouncer:inst4|contador_para_deboucing:inst4|inst28" as buffer
    Info: Detected ripple clock "divisor_de_clock:inst13|inst8" as buffer
    Info: Detected ripple clock "debouncer:inst4|contador_para_deboucing:inst4|inst29" as buffer
    Info: Detected ripple clock "divisor_de_clock:inst13|inst9" as buffer
    Info: Detected ripple clock "debouncer:inst4|contador_para_deboucing:inst4|inst30" as buffer
    Info: Detected ripple clock "divisor_de_clock:inst13|inst10" as buffer
    Info: Detected ripple clock "debouncer:inst4|contador_para_deboucing:inst4|inst31" as buffer
    Info: Detected ripple clock "divisor_de_clock:inst13|inst11" as buffer
    Info: Detected ripple clock "debouncer:inst4|contador_para_deboucing:inst4|inst32" as buffer
    Info: Detected ripple clock "divisor_de_clock:inst13|inst12" as buffer
    Info: Detected ripple clock "debouncer:inst4|contador_para_deboucing:inst4|inst33" as buffer
    Info: Detected ripple clock "divisor_de_clock:inst13|inst13" as buffer
    Info: Detected ripple clock "debouncer:inst4|contador_para_deboucing:inst4|inst34" as buffer
    Info: Detected ripple clock "divisor_de_clock:inst13|inst14" as buffer
    Info: Detected ripple clock "divisor_de_clock:inst13|inst15" as buffer
    Info: Detected ripple clock "debouncer:inst4|inst1" as buffer
    Info: Detected ripple clock "divisor_de_clock:inst13|inst16" as buffer
    Info: Detected ripple clock "divisor_de_clock:inst13|inst17" as buffer
    Info: Detected ripple clock "contador:inst1|inst" as buffer
Info: No valid register-to-register data paths exist for clock "BH1"
Info: Clock "CLOCK" Internal fmax is restricted to 200.0 MHz between source register "contador:inst1|inst1" and destination register "contador:inst1|inst1"
    Info: fmax restricted to Clock High delay (2.5 ns) plus Clock Low delay (2.5 ns) : restricted to 5.0 ns. Expand message to see actual delay path.
        Info: + Longest register to register delay is 1.200 ns
            Info: 1: + IC(0.000 ns) + CELL(0.000 ns) = 0.000 ns; Loc. = LC1_A26; Fanout = 12; REG Node = 'contador:inst1|inst1'
            Info: 2: + IC(0.200 ns) + CELL(1.000 ns) = 1.200 ns; Loc. = LC1_A26; Fanout = 12; REG Node = 'contador:inst1|inst1'
            Info: Total cell delay = 1.000 ns ( 83.33 % )
            Info: Total interconnect delay = 0.200 ns ( 16.67 % )
        Info: - Smallest clock skew is 0.000 ns
            Info: + Shortest clock path from clock "CLOCK" to destination register is 59.500 ns
                Info: 1: + IC(0.000 ns) + CELL(0.500 ns) = 0.500 ns; Loc. = PIN_182; Fanout = 1; CLK Node = 'CLOCK'
                Info: 2: + IC(1.400 ns) + CELL(1.100 ns) = 3.000 ns; Loc. = LC1_K46; Fanout = 2; REG Node = 'divisor_de_clock:inst13|inst'
                Info: 3: + IC(1.700 ns) + CELL(1.100 ns) = 5.800 ns; Loc. = LC1_K44; Fanout = 2; REG Node = 'divisor_de_clock:inst13|inst1'
                Info: 4: + IC(1.700 ns) + CELL(1.100 ns) = 8.600 ns; Loc. = LC2_K43; Fanout = 2; REG Node = 'divisor_de_clock:inst13|inst2'
                Info: 5: + IC(3.600 ns) + CELL(1.100 ns) = 13.300 ns; Loc. = LC1_J41; Fanout = 2; REG Node = 'divisor_de_clock:inst13|inst3'
                Info: 6: + IC(1.900 ns) + CELL(1.100 ns) = 16.300 ns; Loc. = LC1_J27; Fanout = 2; REG Node = 'divisor_de_clock:inst13|inst4'
                Info: 7: + IC(4.200 ns) + CELL(1.100 ns) = 21.600 ns; Loc. = LC1_D37; Fanout = 2; REG Node = 'divisor_de_clock:inst13|inst5'
                Info: 8: + IC(1.800 ns) + CELL(1.100 ns) = 24.500 ns; Loc. = LC1_D42; Fanout = 2; REG Node = 'divisor_de_clock:inst13|inst6'
                Info: 9: + IC(1.800 ns) + CELL(1.100 ns) = 27.400 ns; Loc. = LC1_D52; Fanout = 2; REG Node = 'divisor_de_clock:inst13|inst7'
                Info: 10: + IC(2.000 ns) + CELL(1.100 ns) = 30.500 ns; Loc. = LC1_D38; Fanout = 2; REG Node = 'divisor_de_clock:inst13|inst8'
                Info: 11: + IC(2.200 ns) + CELL(1.100 ns) = 33.800 ns; Loc. = LC2_D9; Fanout = 2; REG Node = 'divisor_de_clock:inst13|inst9'
                Info: 12: + IC(0.200 ns) + CELL(1.100 ns) = 35.100 ns; Loc. = LC1_D9; Fanout = 2; REG Node = 'divisor_de_clock:inst13|inst10'
                Info: 13: + IC(2.100 ns) + CELL(1.100 ns) = 38.300 ns; Loc. = LC1_D17; Fanout = 2; REG Node = 'divisor_de_clock:inst13|inst11'
                Info: 14: + IC(1.200 ns) + CELL(1.100 ns) = 40.600 ns; Loc. = LC1_D7; Fanout = 2; REG Node = 'divisor_de_clock:inst13|inst12'
                Info: 15: + IC(3.600 ns) + CELL(1.100 ns) = 45.300 ns; Loc. = LC1_A7; Fanout = 2; REG Node = 'divisor_de_clock:inst13|inst13'
                Info: 16: + IC(2.600 ns) + CELL(1.100 ns) = 49.000 ns; Loc. = LC1_A44; Fanout = 2; REG Node = 'divisor_de_clock:inst13|inst14'
                Info: 17: + IC(1.800 ns) + CELL(1.100 ns) = 51.900 ns; Loc. = LC2_A34; Fanout = 2; REG Node = 'divisor_de_clock:inst13|inst15'
                Info: 18: + IC(0.200 ns) + CELL(1.100 ns) = 53.200 ns; Loc. = LC1_A34; Fanout = 2; REG Node = 'divisor_de_clock:inst13|inst16'
                Info: 19: + IC(2.100 ns) + CELL(1.100 ns) = 56.400 ns; Loc. = LC2_A9; Fanout = 2; REG Node = 'divisor_de_clock:inst13|inst17'
                Info: 20: + IC(0.200 ns) + CELL(1.100 ns) = 57.700 ns; Loc. = LC1_A9; Fanout = 14; REG Node = 'contador:inst1|inst'
                Info: 21: + IC(1.800 ns) + CELL(0.000 ns) = 59.500 ns; Loc. = LC1_A26; Fanout = 12; REG Node = 'contador:inst1|inst1'
                Info: Total cell delay = 21.400 ns ( 35.97 % )
                Info: Total interconnect delay = 38.100 ns ( 64.03 % )
            Info: - Longest clock path from clock "CLOCK" to source register is 59.500 ns
                Info: 1: + IC(0.000 ns) + CELL(0.500 ns) = 0.500 ns; Loc. = PIN_182; Fanout = 1; CLK Node = 'CLOCK'
                Info: 2: + IC(1.400 ns) + CELL(1.100 ns) = 3.000 ns; Loc. = LC1_K46; Fanout = 2; REG Node = 'divisor_de_clock:inst13|inst'
                Info: 3: + IC(1.700 ns) + CELL(1.100 ns) = 5.800 ns; Loc. = LC1_K44; Fanout = 2; REG Node = 'divisor_de_clock:inst13|inst1'
                Info: 4: + IC(1.700 ns) + CELL(1.100 ns) = 8.600 ns; Loc. = LC2_K43; Fanout = 2; REG Node = 'divisor_de_clock:inst13|inst2'
                Info: 5: + IC(3.600 ns) + CELL(1.100 ns) = 13.300 ns; Loc. = LC1_J41; Fanout = 2; REG Node = 'divisor_de_clock:inst13|inst3'
                Info: 6: + IC(1.900 ns) + CELL(1.100 ns) = 16.300 ns; Loc. = LC1_J27; Fanout = 2; REG Node = 'divisor_de_clock:inst13|inst4'
                Info: 7: + IC(4.200 ns) + CELL(1.100 ns) = 21.600 ns; Loc. = LC1_D37; Fanout = 2; REG Node = 'divisor_de_clock:inst13|inst5'
                Info: 8: + IC(1.800 ns) + CELL(1.100 ns) = 24.500 ns; Loc. = LC1_D42; Fanout = 2; REG Node = 'divisor_de_clock:inst13|inst6'
                Info: 9: + IC(1.800 ns) + CELL(1.100 ns) = 27.400 ns; Loc. = LC1_D52; Fanout = 2; REG Node = 'divisor_de_clock:inst13|inst7'
                Info: 10: + IC(2.000 ns) + CELL(1.100 ns) = 30.500 ns; Loc. = LC1_D38; Fanout = 2; REG Node = 'divisor_de_clock:inst13|inst8'
                Info: 11: + IC(2.200 ns) + CELL(1.100 ns) = 33.800 ns; Loc. = LC2_D9; Fanout = 2; REG Node = 'divisor_de_clock:inst13|inst9'
                Info: 12: + IC(0.200 ns) + CELL(1.100 ns) = 35.100 ns; Loc. = LC1_D9; Fanout = 2; REG Node = 'divisor_de_clock:inst13|inst10'
                Info: 13: + IC(2.100 ns) + CELL(1.100 ns) = 38.300 ns; Loc. = LC1_D17; Fanout = 2; REG Node = 'divisor_de_clock:inst13|inst11'
                Info: 14: + IC(1.200 ns) + CELL(1.100 ns) = 40.600 ns; Loc. = LC1_D7; Fanout = 2; REG Node = 'divisor_de_clock:inst13|inst12'
                Info: 15: + IC(3.600 ns) + CELL(1.100 ns) = 45.300 ns; Loc. = LC1_A7; Fanout = 2; REG Node = 'divisor_de_clock:inst13|inst13'
                Info: 16: + IC(2.600 ns) + CELL(1.100 ns) = 49.000 ns; Loc. = LC1_A44; Fanout = 2; REG Node = 'divisor_de_clock:inst13|inst14'
                Info: 17: + IC(1.800 ns) + CELL(1.100 ns) = 51.900 ns; Loc. = LC2_A34; Fanout = 2; REG Node = 'divisor_de_clock:inst13|inst15'
                Info: 18: + IC(0.200 ns) + CELL(1.100 ns) = 53.200 ns; Loc. = LC1_A34; Fanout = 2; REG Node = 'divisor_de_clock:inst13|inst16'
                Info: 19: + IC(2.100 ns) + CELL(1.100 ns) = 56.400 ns; Loc. = LC2_A9; Fanout = 2; REG Node = 'divisor_de_clock:inst13|inst17'
                Info: 20: + IC(0.200 ns) + CELL(1.100 ns) = 57.700 ns; Loc. = LC1_A9; Fanout = 14; REG Node = 'contador:inst1|inst'
                Info: 21: + IC(1.800 ns) + CELL(0.000 ns) = 59.500 ns; Loc. = LC1_A26; Fanout = 12; REG Node = 'contador:inst1|inst1'
                Info: Total cell delay = 21.400 ns ( 35.97 % )
                Info: Total interconnect delay = 38.100 ns ( 64.03 % )
        Info: + Micro clock to output delay of source is 1.100 ns
        Info: + Micro setup delay of destination is 0.700 ns
Info: No valid register-to-register data paths exist for clock "BH2"
Info: Clock "CLK25" has Internal fmax of 19.69 MHz between source register "debouncer:inst4|contador_para_deboucing:inst4|inst35" and destination register "debouncer:inst4|contador_para_deboucing:inst4|inst" (period= 50.8 ns)
    Info: + Longest register to register delay is 2.400 ns
        Info: 1: + IC(0.000 ns) + CELL(0.000 ns) = 0.000 ns; Loc. = LC5_K5; Fanout = 2; REG Node = 'debouncer:inst4|contador_para_deboucing:inst4|inst35'
        Info: 2: + IC(0.200 ns) + CELL(1.700 ns) = 1.900 ns; Loc. = LC6_K5; Fanout = 18; COMB Node = 'debouncer:inst4|contador_para_deboucing:inst4|inst35~4'
        Info: 3: + IC(0.200 ns) + CELL(0.300 ns) = 2.400 ns; Loc. = LC2_K5; Fanout = 2; REG Node = 'debouncer:inst4|contador_para_deboucing:inst4|inst'
        Info: Total cell delay = 2.000 ns ( 83.33 % )
        Info: Total interconnect delay = 0.400 ns ( 16.67 % )
    Info: - Smallest clock skew is -46.600 ns
        Info: + Shortest clock path from clock "CLK25" to destination register is 1.900 ns
            Info: 1: + IC(0.000 ns) + CELL(0.500 ns) = 0.500 ns; Loc. = PIN_184; Fanout = 4; CLK Node = 'CLK25'
            Info: 2: + IC(1.400 ns) + CELL(0.000 ns) = 1.900 ns; Loc. = LC2_K5; Fanout = 2; REG Node = 'debouncer:inst4|contador_para_deboucing:inst4|inst'
            Info: Total cell delay = 0.500 ns ( 26.32 % )
            Info: Total interconnect delay = 1.400 ns ( 73.68 % )
        Info: - Longest clock path from clock "CLK25" to source register is 48.500 ns
            Info: 1: + IC(0.000 ns) + CELL(0.500 ns) = 0.500 ns; Loc. = PIN_184; Fanout = 4; CLK Node = 'CLK25'
            Info: 2: + IC(1.400 ns) + CELL(1.100 ns) = 3.000 ns; Loc. = LC2_K5; Fanout = 2; REG Node = 'debouncer:inst4|contador_para_deboucing:inst4|inst'
            Info: 3: + IC(1.800 ns) + CELL(1.100 ns) = 5.900 ns; Loc. = LC2_K4; Fanout = 2; REG Node = 'debouncer:inst4|contador_para_deboucing:inst4|inst19'
            Info: 4: + IC(0.200 ns) + CELL(1.100 ns) = 7.200 ns; Loc. = LC1_K4; Fanout = 2; REG Node = 'debouncer:inst4|contador_para_deboucing:inst4|inst20'
            Info: 5: + IC(1.700 ns) + CELL(1.100 ns) = 10.000 ns; Loc. = LC1_K2; Fanout = 2; REG Node = 'debouncer:inst4|contador_para_deboucing:inst4|inst21'
            Info: 6: + IC(1.800 ns) + CELL(1.100 ns) = 12.900 ns; Loc. = LC2_K3; Fanout = 2; REG Node = 'debouncer:inst4|contador_para_deboucing:inst4|inst22'
            Info: 7: + IC(1.700 ns) + CELL(1.100 ns) = 15.700 ns; Loc. = LC2_K1; Fanout = 2; REG Node = 'debouncer:inst4|contador_para_deboucing:inst4|inst23'
            Info: 8: + IC(0.200 ns) + CELL(1.100 ns) = 17.000 ns; Loc. = LC1_K1; Fanout = 2; REG Node = 'debouncer:inst4|contador_para_deboucing:inst4|inst27'
            Info: 9: + IC(1.800 ns) + CELL(1.100 ns) = 19.900 ns; Loc. = LC2_K2; Fanout = 2; REG Node = 'debouncer:inst4|contador_para_deboucing:inst4|inst24'
            Info: 10: + IC(2.000 ns) + CELL(1.100 ns) = 23.000 ns; Loc. = LC8_K6; Fanout = 2; REG Node = 'debouncer:inst4|contador_para_deboucing:inst4|inst25'
            Info: 11: + IC(1.800 ns) + CELL(1.100 ns) = 25.900 ns; Loc. = LC1_K7; Fanout = 2; REG Node = 'debouncer:inst4|contador_para_deboucing:inst4|inst26'
            Info: 12: + IC(1.800 ns) + CELL(1.100 ns) = 28.800 ns; Loc. = LC1_K3; Fanout = 2; REG Node = 'debouncer:inst4|contador_para_deboucing:inst4|inst28'
            Info: 13: + IC(2.000 ns) + CELL(1.100 ns) = 31.900 ns; Loc. = LC2_K7; Fanout = 2; REG Node = 'debouncer:inst4|contador_para_deboucing:inst4|inst29'
            Info: 14: + IC(1.800 ns) + CELL(1.100 ns) = 34.800 ns; Loc. = LC2_K8; Fanout = 2; REG Node = 'debouncer:inst4|contador_para_deboucing:inst4|inst30'
            Info: 15: + IC(1.900 ns) + CELL(1.100 ns) = 37.800 ns; Loc. = LC2_K12; Fanout = 2; REG Node = 'debouncer:inst4|contador_para_deboucing:inst4|inst31'
            Info: 16: + IC(1.800 ns) + CELL(1.100 ns) = 40.700 ns; Loc. = LC2_K6; Fanout = 2; REG Node = 'debouncer:inst4|contador_para_deboucing:inst4|inst32'
            Info: 17: + IC(1.900 ns) + CELL(1.100 ns) = 43.700 ns; Loc. = LC1_K8; Fanout = 2; REG Node = 'debouncer:inst4|contador_para_deboucing:inst4|inst33'
            Info: 18: + IC(1.900 ns) + CELL(1.100 ns) = 46.700 ns; Loc. = LC1_K12; Fanout = 2; REG Node = 'debouncer:inst4|contador_para_deboucing:inst4|inst34'
            Info: 19: + IC(1.800 ns) + CELL(0.000 ns) = 48.500 ns; Loc. = LC5_K5; Fanout = 2; REG Node = 'debouncer:inst4|contador_para_deboucing:inst4|inst35'
            Info: Total cell delay = 19.200 ns ( 39.59 % )
            Info: Total interconnect delay = 29.300 ns ( 60.41 % )
    Info: + Micro clock to output delay of source is 1.100 ns
    Info: + Micro setup delay of destination is 0.700 ns
Info: tsu for register "registrador:inst10|inst5" (data pin = "pin_name6", clock pin = "BH1") is 7.600 ns
    Info: + Longest pin to register delay is 8.800 ns
        Info: 1: + IC(0.000 ns) + CELL(3.100 ns) = 3.100 ns; Loc. = PIN_63; Fanout = 1; PIN Node = 'pin_name6'
        Info: 2: + IC(4.700 ns) + CELL(1.000 ns) = 8.800 ns; Loc. = LC5_A48; Fanout = 9; REG Node = 'registrador:inst10|inst5'
        Info: Total cell delay = 4.100 ns ( 46.59 % )
        Info: Total interconnect delay = 4.700 ns ( 53.41 % )
    Info: + Micro setup delay of destination is 0.700 ns
    Info: - Shortest clock path from clock "BH1" to destination register is 1.900 ns
        Info: 1: + IC(0.000 ns) + CELL(0.500 ns) = 0.500 ns; Loc. = PIN_79; Fanout = 8; CLK Node = 'BH1'
        Info: 2: + IC(1.400 ns) + CELL(0.000 ns) = 1.900 ns; Loc. = LC5_A48; Fanout = 9; REG Node = 'registrador:inst10|inst5'
        Info: Total cell delay = 0.500 ns ( 26.32 % )
        Info: Total interconnect delay = 1.400 ns ( 73.68 % )
Info: tco from clock "CLOCK" to destination pin "c" through register "contador:inst1|inst1" is 81.800 ns
    Info: + Longest clock path from clock "CLOCK" to source register is 59.500 ns
        Info: 1: + IC(0.000 ns) + CELL(0.500 ns) = 0.500 ns; Loc. = PIN_182; Fanout = 1; CLK Node = 'CLOCK'
        Info: 2: + IC(1.400 ns) + CELL(1.100 ns) = 3.000 ns; Loc. = LC1_K46; Fanout = 2; REG Node = 'divisor_de_clock:inst13|inst'
        Info: 3: + IC(1.700 ns) + CELL(1.100 ns) = 5.800 ns; Loc. = LC1_K44; Fanout = 2; REG Node = 'divisor_de_clock:inst13|inst1'
        Info: 4: + IC(1.700 ns) + CELL(1.100 ns) = 8.600 ns; Loc. = LC2_K43; Fanout = 2; REG Node = 'divisor_de_clock:inst13|inst2'
        Info: 5: + IC(3.600 ns) + CELL(1.100 ns) = 13.300 ns; Loc. = LC1_J41; Fanout = 2; REG Node = 'divisor_de_clock:inst13|inst3'
        Info: 6: + IC(1.900 ns) + CELL(1.100 ns) = 16.300 ns; Loc. = LC1_J27; Fanout = 2; REG Node = 'divisor_de_clock:inst13|inst4'
        Info: 7: + IC(4.200 ns) + CELL(1.100 ns) = 21.600 ns; Loc. = LC1_D37; Fanout = 2; REG Node = 'divisor_de_clock:inst13|inst5'
        Info: 8: + IC(1.800 ns) + CELL(1.100 ns) = 24.500 ns; Loc. = LC1_D42; Fanout = 2; REG Node = 'divisor_de_clock:inst13|inst6'
        Info: 9: + IC(1.800 ns) + CELL(1.100 ns) = 27.400 ns; Loc. = LC1_D52; Fanout = 2; REG Node = 'divisor_de_clock:inst13|inst7'
        Info: 10: + IC(2.000 ns) + CELL(1.100 ns) = 30.500 ns; Loc. = LC1_D38; Fanout = 2; REG Node = 'divisor_de_clock:inst13|inst8'
        Info: 11: + IC(2.200 ns) + CELL(1.100 ns) = 33.800 ns; Loc. = LC2_D9; Fanout = 2; REG Node = 'divisor_de_clock:inst13|inst9'
        Info: 12: + IC(0.200 ns) + CELL(1.100 ns) = 35.100 ns; Loc. = LC1_D9; Fanout = 2; REG Node = 'divisor_de_clock:inst13|inst10'
        Info: 13: + IC(2.100 ns) + CELL(1.100 ns) = 38.300 ns; Loc. = LC1_D17; Fanout = 2; REG Node = 'divisor_de_clock:inst13|inst11'
        Info: 14: + IC(1.200 ns) + CELL(1.100 ns) = 40.600 ns; Loc. = LC1_D7; Fanout = 2; REG Node = 'divisor_de_clock:inst13|inst12'
        Info: 15: + IC(3.600 ns) + CELL(1.100 ns) = 45.300 ns; Loc. = LC1_A7; Fanout = 2; REG Node = 'divisor_de_clock:inst13|inst13'
        Info: 16: + IC(2.600 ns) + CELL(1.100 ns) = 49.000 ns; Loc. = LC1_A44; Fanout = 2; REG Node = 'divisor_de_clock:inst13|inst14'
        Info: 17: + IC(1.800 ns) + CELL(1.100 ns) = 51.900 ns; Loc. = LC2_A34; Fanout = 2; REG Node = 'divisor_de_clock:inst13|inst15'
        Info: 18: + IC(0.200 ns) + CELL(1.100 ns) = 53.200 ns; Loc. = LC1_A34; Fanout = 2; REG Node = 'divisor_de_clock:inst13|inst16'
        Info: 19: + IC(2.100 ns) + CELL(1.100 ns) = 56.400 ns; Loc. = LC2_A9; Fanout = 2; REG Node = 'divisor_de_clock:inst13|inst17'
        Info: 20: + IC(0.200 ns) + CELL(1.100 ns) = 57.700 ns; Loc. = LC1_A9; Fanout = 14; REG Node = 'contador:inst1|inst'
        Info: 21: + IC(1.800 ns) + CELL(0.000 ns) = 59.500 ns; Loc. = LC1_A26; Fanout = 12; REG Node = 'contador:inst1|inst1'
        Info: Total cell delay = 21.400 ns ( 35.97 % )
        Info: Total interconnect delay = 38.100 ns ( 64.03 % )
    Info: + Micro clock to output delay of source is 1.100 ns
    Info: + Longest register to pin delay is 21.200 ns
        Info: 1: + IC(0.000 ns) + CELL(0.000 ns) = 0.000 ns; Loc. = LC1_A26; Fanout = 12; REG Node = 'contador:inst1|inst1'
        Info: 2: + IC(1.100 ns) + CELL(1.900 ns) = 3.000 ns; Loc. = LC1_A24; Fanout = 3; COMB Node = 'multiplexador:inst5|inst42~0'
        Info: 3: + IC(1.900 ns) + CELL(2.200 ns) = 7.100 ns; Loc. = LC6_A15; Fanout = 1; COMB Node = 'multiplexador:inst5|inst18~2'
        Info: 4: + IC(0.200 ns) + CELL(2.000 ns) = 9.300 ns; Loc. = LC5_A15; Fanout = 1; COMB Node = 'multiplexador:inst5|inst18~3'
        Info: 5: + IC(3.300 ns) + CELL(8.600 ns) = 21.200 ns; Loc. = PIN_115; Fanout = 0; PIN Node = 'c'
        Info: Total cell delay = 14.700 ns ( 69.34 % )
        Info: Total interconnect delay = 6.500 ns ( 30.66 % )
Info: th for register "registrador:inst10|inst4" (data pin = "pin_name5", clock pin = "BH1") is -0.200 ns
    Info: + Longest clock path from clock "BH1" to destination register is 1.900 ns
        Info: 1: + IC(0.000 ns) + CELL(0.500 ns) = 0.500 ns; Loc. = PIN_79; Fanout = 8; CLK Node = 'BH1'
        Info: 2: + IC(1.400 ns) + CELL(0.000 ns) = 1.900 ns; Loc. = LC6_A48; Fanout = 9; REG Node = 'registrador:inst10|inst4'
        Info: Total cell delay = 0.500 ns ( 26.32 % )
        Info: Total interconnect delay = 1.400 ns ( 73.68 % )
    Info: + Micro hold delay of destination is 0.900 ns
    Info: - Shortest pin to register delay is 3.000 ns
        Info: 1: + IC(0.000 ns) + CELL(0.500 ns) = 0.500 ns; Loc. = PIN_80; Fanout = 1; PIN Node = 'pin_name5'
        Info: 2: + IC(1.500 ns) + CELL(1.000 ns) = 3.000 ns; Loc. = LC6_A48; Fanout = 9; REG Node = 'registrador:inst10|inst4'
        Info: Total cell delay = 1.500 ns ( 50.00 % )
        Info: Total interconnect delay = 1.500 ns ( 50.00 % )
Info: Quartus II Classic Timing Analyzer was successful. 0 errors, 2 warnings
    Info: Peak virtual memory: 182 megabytes
    Info: Processing ended: Fri Aug 16 07:47:55 2019
    Info: Elapsed time: 00:00:02
    Info: Total CPU time (on all processors): 00:00:01


