Classic Timing Analyzer report for calculadoraBinaria
Fri Aug 16 08:01:29 2019
Quartus II Version 9.0 Build 235 06/17/2009 Service Pack 2 SJ Web Edition


---------------------
; Table of Contents ;
---------------------
  1. Legal Notice
  2. Timing Analyzer Summary
  3. Timing Analyzer Settings
  4. Clock Settings Summary
  5. Parallel Compilation
  6. Clock Setup: 'CLK'
  7. Clock Setup: 'CLK25'
  8. tsu
  9. tco
 10. th
 11. Timing Analyzer Messages



----------------
; Legal Notice ;
----------------
Copyright (C) 1991-2009 Altera Corporation
Your use of Altera Corporation's design tools, logic functions 
and other software and tools, and its AMPP partner logic 
functions, and any output files from any of the foregoing 
(including device programming or simulation files), and any 
associated documentation or information are expressly subject 
to the terms and conditions of the Altera Program License 
Subscription Agreement, Altera MegaCore Function License 
Agreement, or other applicable license agreement, including, 
without limitation, that your use is for the sole purpose of 
programming logic devices manufactured by Altera and sold by 
Altera or its authorized distributors.  Please refer to the 
applicable agreement for further details.



+----------------------------------------------------------------------------------------------------------------------------------------------------------------------------------------------------------------------------------------------------+
; Timing Analyzer Summary                                                                                                                                                                                                                            ;
+------------------------------+-------+---------------+------------------------------------------------+------------------------------------------------+----------------------------------------------+------------+----------------+--------------+
; Type                         ; Slack ; Required Time ; Actual Time                                    ; From                                           ; To                                           ; From Clock ; To Clock       ; Failed Paths ;
+------------------------------+-------+---------------+------------------------------------------------+------------------------------------------------+----------------------------------------------+------------+----------------+--------------+
; Worst-case tsu               ; N/A   ; None          ; 7.500 ns                                       ; entradaMSB2                                    ; registrador:inst1|inst                       ; --         ; botaoRegistro1 ; 0            ;
; Worst-case tco               ; N/A   ; None          ; 87.200 ns                                      ; contador:inst13|inst1                          ; B                                            ; CLK        ; --             ; 0            ;
; Worst-case th                ; N/A   ; None          ; -0.300 ns                                      ; entradaB2                                      ; registrador:inst1|inst4                      ; --         ; botaoRegistro1 ; 0            ;
; Clock Setup: 'CLK25'         ; N/A   ; None          ; 20.49 MHz ( period = 48.800 ns )               ; debouncer:inst7|contadorDeboucing:inst4|inst35 ; debouncer:inst7|contadorDeboucing:inst4|inst ; CLK25      ; CLK25          ; 0            ;
; Clock Setup: 'CLK'           ; N/A   ; None          ; Restricted to 200.00 MHz ( period = 5.000 ns ) ; divisorDeFrequencia:inst5|inst                 ; divisorDeFrequencia:inst5|inst               ; CLK        ; CLK            ; 0            ;
; Total number of failed paths ;       ;               ;                                                ;                                                ;                                              ;            ;                ; 0            ;
+------------------------------+-------+---------------+------------------------------------------------+------------------------------------------------+----------------------------------------------+------------+----------------+--------------+


+--------------------------------------------------------------------------------------------------------------------+
; Timing Analyzer Settings                                                                                           ;
+---------------------------------------------------------------------+--------------------+------+----+-------------+
; Option                                                              ; Setting            ; From ; To ; Entity Name ;
+---------------------------------------------------------------------+--------------------+------+----+-------------+
; Device Name                                                         ; EP1K100QC208-3     ;      ;    ;             ;
; Timing Models                                                       ; Final              ;      ;    ;             ;
; Default hold multicycle                                             ; Same as Multicycle ;      ;    ;             ;
; Cut paths between unrelated clock domains                           ; On                 ;      ;    ;             ;
; Cut off read during write signal paths                              ; On                 ;      ;    ;             ;
; Cut off feedback from I/O pins                                      ; On                 ;      ;    ;             ;
; Report Combined Fast/Slow Timing                                    ; Off                ;      ;    ;             ;
; Ignore Clock Settings                                               ; Off                ;      ;    ;             ;
; Analyze latches as synchronous elements                             ; On                 ;      ;    ;             ;
; Enable Recovery/Removal analysis                                    ; Off                ;      ;    ;             ;
; Enable Clock Latency                                                ; Off                ;      ;    ;             ;
; Use TimeQuest Timing Analyzer                                       ; Off                ;      ;    ;             ;
; Minimum Core Junction Temperature                                   ; 0                  ;      ;    ;             ;
; Maximum Core Junction Temperature                                   ; 85                 ;      ;    ;             ;
; Number of source nodes to report per destination node               ; 10                 ;      ;    ;             ;
; Number of destination nodes to report                               ; 10                 ;      ;    ;             ;
; Number of paths to report                                           ; 200                ;      ;    ;             ;
; Report Minimum Timing Checks                                        ; Off                ;      ;    ;             ;
; Use Fast Timing Models                                              ; Off                ;      ;    ;             ;
; Report IO Paths Separately                                          ; Off                ;      ;    ;             ;
; Perform Multicorner Analysis                                        ; Off                ;      ;    ;             ;
; Reports the worst-case path for each clock domain and analysis      ; Off                ;      ;    ;             ;
; Removes common clock path pessimism (CCPP) during slack computation ; Off                ;      ;    ;             ;
; Output I/O Timing Endpoint                                          ; Near End           ;      ;    ;             ;
+---------------------------------------------------------------------+--------------------+------+----+-------------+


+------------------------------------------------------------------------------------------------------------------------------------------------------------------------------------+
; Clock Settings Summary                                                                                                                                                             ;
+-----------------+--------------------+----------+------------------+---------------+--------------+----------+-----------------------+---------------------+--------+--------------+
; Clock Node Name ; Clock Setting Name ; Type     ; Fmax Requirement ; Early Latency ; Late Latency ; Based on ; Multiply Base Fmax by ; Divide Base Fmax by ; Offset ; Phase offset ;
+-----------------+--------------------+----------+------------------+---------------+--------------+----------+-----------------------+---------------------+--------+--------------+
; CLK             ;                    ; User Pin ; None             ; 0.000 ns      ; 0.000 ns     ; --       ; N/A                   ; N/A                 ; N/A    ;              ;
; botaoRegistro1  ;                    ; User Pin ; None             ; 0.000 ns      ; 0.000 ns     ; --       ; N/A                   ; N/A                 ; N/A    ;              ;
; botaoRegistro2  ;                    ; User Pin ; None             ; 0.000 ns      ; 0.000 ns     ; --       ; N/A                   ; N/A                 ; N/A    ;              ;
; CLK25           ;                    ; User Pin ; None             ; 0.000 ns      ; 0.000 ns     ; --       ; N/A                   ; N/A                 ; N/A    ;              ;
+-----------------+--------------------+----------+------------------+---------------+--------------+----------+-----------------------+---------------------+--------+--------------+


Parallel compilation was disabled, but you have multiple processors available. Enable parallel compilation to reduce compilation time.
+-------------------------------------+
; Parallel Compilation                ;
+----------------------------+--------+
; Processors                 ; Number ;
+----------------------------+--------+
; Number detected on machine ; 2      ;
; Maximum allowed            ; 1      ;
+----------------------------+--------+


+------------------------------------------------------------------------------------------------------------------------------------------------------------------------------------------------------------------------------------------+
; Clock Setup: 'CLK'                                                                                                                                                                                                                       ;
+-------+------------------------------------------------+----------------------------------+----------------------------------+------------+----------+-----------------------------+---------------------------+-------------------------+
; Slack ; Actual fmax (period)                           ; From                             ; To                               ; From Clock ; To Clock ; Required Setup Relationship ; Required Longest P2P Time ; Actual Longest P2P Time ;
+-------+------------------------------------------------+----------------------------------+----------------------------------+------------+----------+-----------------------------+---------------------------+-------------------------+
; N/A   ; Restricted to 200.00 MHz ( period = 5.000 ns ) ; contador:inst13|inst             ; contador:inst13|inst             ; CLK        ; CLK      ; None                        ; None                      ; 1.200 ns                ;
; N/A   ; Restricted to 200.00 MHz ( period = 5.000 ns ) ; divisorDeFrequencia:inst5|inst16 ; divisorDeFrequencia:inst5|inst16 ; CLK        ; CLK      ; None                        ; None                      ; 1.200 ns                ;
; N/A   ; Restricted to 200.00 MHz ( period = 5.000 ns ) ; contador:inst13|inst1            ; contador:inst13|inst1            ; CLK        ; CLK      ; None                        ; None                      ; 1.200 ns                ;
; N/A   ; Restricted to 200.00 MHz ( period = 5.000 ns ) ; divisorDeFrequencia:inst5|inst15 ; divisorDeFrequencia:inst5|inst15 ; CLK        ; CLK      ; None                        ; None                      ; 1.200 ns                ;
; N/A   ; Restricted to 200.00 MHz ( period = 5.000 ns ) ; divisorDeFrequencia:inst5|inst14 ; divisorDeFrequencia:inst5|inst14 ; CLK        ; CLK      ; None                        ; None                      ; 1.200 ns                ;
; N/A   ; Restricted to 200.00 MHz ( period = 5.000 ns ) ; divisorDeFrequencia:inst5|inst13 ; divisorDeFrequencia:inst5|inst13 ; CLK        ; CLK      ; None                        ; None                      ; 1.200 ns                ;
; N/A   ; Restricted to 200.00 MHz ( period = 5.000 ns ) ; divisorDeFrequencia:inst5|inst12 ; divisorDeFrequencia:inst5|inst12 ; CLK        ; CLK      ; None                        ; None                      ; 1.200 ns                ;
; N/A   ; Restricted to 200.00 MHz ( period = 5.000 ns ) ; divisorDeFrequencia:inst5|inst11 ; divisorDeFrequencia:inst5|inst11 ; CLK        ; CLK      ; None                        ; None                      ; 1.200 ns                ;
; N/A   ; Restricted to 200.00 MHz ( period = 5.000 ns ) ; divisorDeFrequencia:inst5|inst10 ; divisorDeFrequencia:inst5|inst10 ; CLK        ; CLK      ; None                        ; None                      ; 1.200 ns                ;
; N/A   ; Restricted to 200.00 MHz ( period = 5.000 ns ) ; divisorDeFrequencia:inst5|inst9  ; divisorDeFrequencia:inst5|inst9  ; CLK        ; CLK      ; None                        ; None                      ; 1.200 ns                ;
; N/A   ; Restricted to 200.00 MHz ( period = 5.000 ns ) ; divisorDeFrequencia:inst5|inst8  ; divisorDeFrequencia:inst5|inst8  ; CLK        ; CLK      ; None                        ; None                      ; 1.200 ns                ;
; N/A   ; Restricted to 200.00 MHz ( period = 5.000 ns ) ; divisorDeFrequencia:inst5|inst7  ; divisorDeFrequencia:inst5|inst7  ; CLK        ; CLK      ; None                        ; None                      ; 1.200 ns                ;
; N/A   ; Restricted to 200.00 MHz ( period = 5.000 ns ) ; divisorDeFrequencia:inst5|inst6  ; divisorDeFrequencia:inst5|inst6  ; CLK        ; CLK      ; None                        ; None                      ; 1.200 ns                ;
; N/A   ; Restricted to 200.00 MHz ( period = 5.000 ns ) ; divisorDeFrequencia:inst5|inst5  ; divisorDeFrequencia:inst5|inst5  ; CLK        ; CLK      ; None                        ; None                      ; 1.200 ns                ;
; N/A   ; Restricted to 200.00 MHz ( period = 5.000 ns ) ; divisorDeFrequencia:inst5|inst4  ; divisorDeFrequencia:inst5|inst4  ; CLK        ; CLK      ; None                        ; None                      ; 1.200 ns                ;
; N/A   ; Restricted to 200.00 MHz ( period = 5.000 ns ) ; divisorDeFrequencia:inst5|inst3  ; divisorDeFrequencia:inst5|inst3  ; CLK        ; CLK      ; None                        ; None                      ; 1.200 ns                ;
; N/A   ; Restricted to 200.00 MHz ( period = 5.000 ns ) ; divisorDeFrequencia:inst5|inst2  ; divisorDeFrequencia:inst5|inst2  ; CLK        ; CLK      ; None                        ; None                      ; 1.200 ns                ;
; N/A   ; Restricted to 200.00 MHz ( period = 5.000 ns ) ; divisorDeFrequencia:inst5|inst1  ; divisorDeFrequencia:inst5|inst1  ; CLK        ; CLK      ; None                        ; None                      ; 1.200 ns                ;
; N/A   ; Restricted to 200.00 MHz ( period = 5.000 ns ) ; divisorDeFrequencia:inst5|inst   ; divisorDeFrequencia:inst5|inst   ; CLK        ; CLK      ; None                        ; None                      ; 1.200 ns                ;
+-------+------------------------------------------------+----------------------------------+----------------------------------+------------+----------+-----------------------------+---------------------------+-------------------------+


+----------------------------------------------------------------------------------------------------------------------------------------------------------------------------------------------------------------------------------------------------------------------+
; Clock Setup: 'CLK25'                                                                                                                                                                                                                                                 ;
+-------+------------------------------------------------+------------------------------------------------+------------------------------------------------+------------+----------+-----------------------------+---------------------------+-------------------------+
; Slack ; Actual fmax (period)                           ; From                                           ; To                                             ; From Clock ; To Clock ; Required Setup Relationship ; Required Longest P2P Time ; Actual Longest P2P Time ;
+-------+------------------------------------------------+------------------------------------------------+------------------------------------------------+------------+----------+-----------------------------+---------------------------+-------------------------+
; N/A   ; 20.49 MHz ( period = 48.800 ns )               ; debouncer:inst7|contadorDeboucing:inst4|inst35 ; debouncer:inst7|contadorDeboucing:inst4|inst   ; CLK25      ; CLK25    ; None                        ; None                      ; 2.400 ns                ;
; N/A   ; 21.32 MHz ( period = 46.900 ns )               ; debouncer:inst7|contadorDeboucing:inst4|inst35 ; debouncer:inst7|inst1                          ; CLK25      ; CLK25    ; None                        ; None                      ; 0.500 ns                ;
; N/A   ; 21.32 MHz ( period = 46.900 ns )               ; debouncer:inst7|contadorDeboucing:inst4|inst35 ; debouncer:inst7|contadorDeboucing:inst4|inst19 ; CLK25      ; CLK25    ; None                        ; None                      ; 3.300 ns                ;
; N/A   ; 22.62 MHz ( period = 44.200 ns )               ; debouncer:inst7|contadorDeboucing:inst4|inst35 ; debouncer:inst7|contadorDeboucing:inst4|inst20 ; CLK25      ; CLK25    ; None                        ; None                      ; 3.400 ns                ;
; N/A   ; 23.31 MHz ( period = 42.900 ns )               ; debouncer:inst7|contadorDeboucing:inst4|inst35 ; debouncer:inst7|contadorDeboucing:inst4|inst21 ; CLK25      ; CLK25    ; None                        ; None                      ; 3.400 ns                ;
; N/A   ; 25.00 MHz ( period = 40.000 ns )               ; debouncer:inst7|contadorDeboucing:inst4|inst35 ; debouncer:inst7|contadorDeboucing:inst4|inst22 ; CLK25      ; CLK25    ; None                        ; None                      ; 3.300 ns                ;
; N/A   ; 26.81 MHz ( period = 37.300 ns )               ; debouncer:inst7|contadorDeboucing:inst4|inst35 ; debouncer:inst7|contadorDeboucing:inst4|inst23 ; CLK25      ; CLK25    ; None                        ; None                      ; 3.400 ns                ;
; N/A   ; 28.99 MHz ( period = 34.500 ns )               ; debouncer:inst7|contadorDeboucing:inst4|inst35 ; debouncer:inst7|contadorDeboucing:inst4|inst27 ; CLK25      ; CLK25    ; None                        ; None                      ; 3.500 ns                ;
; N/A   ; 31.55 MHz ( period = 31.700 ns )               ; debouncer:inst7|contadorDeboucing:inst4|inst35 ; debouncer:inst7|contadorDeboucing:inst4|inst24 ; CLK25      ; CLK25    ; None                        ; None                      ; 3.500 ns                ;
; N/A   ; 34.72 MHz ( period = 28.800 ns )               ; debouncer:inst7|contadorDeboucing:inst4|inst35 ; debouncer:inst7|contadorDeboucing:inst4|inst25 ; CLK25      ; CLK25    ; None                        ; None                      ; 3.400 ns                ;
; N/A   ; 38.46 MHz ( period = 26.000 ns )               ; debouncer:inst7|contadorDeboucing:inst4|inst35 ; debouncer:inst7|contadorDeboucing:inst4|inst26 ; CLK25      ; CLK25    ; None                        ; None                      ; 3.500 ns                ;
; N/A   ; 43.29 MHz ( period = 23.100 ns )               ; debouncer:inst7|contadorDeboucing:inst4|inst35 ; debouncer:inst7|contadorDeboucing:inst4|inst28 ; CLK25      ; CLK25    ; None                        ; None                      ; 3.500 ns                ;
; N/A   ; 49.50 MHz ( period = 20.200 ns )               ; debouncer:inst7|contadorDeboucing:inst4|inst35 ; debouncer:inst7|contadorDeboucing:inst4|inst29 ; CLK25      ; CLK25    ; None                        ; None                      ; 3.800 ns                ;
; N/A   ; 52.91 MHz ( period = 18.900 ns )               ; debouncer:inst7|contadorDeboucing:inst4|inst35 ; debouncer:inst7|contadorDeboucing:inst4|inst30 ; CLK25      ; CLK25    ; None                        ; None                      ; 3.800 ns                ;
; N/A   ; 64.94 MHz ( period = 15.400 ns )               ; debouncer:inst7|contadorDeboucing:inst4|inst35 ; debouncer:inst7|contadorDeboucing:inst4|inst31 ; CLK25      ; CLK25    ; None                        ; None                      ; 3.500 ns                ;
; N/A   ; 70.92 MHz ( period = 14.100 ns )               ; debouncer:inst7|contadorDeboucing:inst4|inst35 ; debouncer:inst7|contadorDeboucing:inst4|inst32 ; CLK25      ; CLK25    ; None                        ; None                      ; 3.500 ns                ;
; N/A   ; 89.29 MHz ( period = 11.200 ns )               ; debouncer:inst7|contadorDeboucing:inst4|inst35 ; debouncer:inst7|contadorDeboucing:inst4|inst33 ; CLK25      ; CLK25    ; None                        ; None                      ; 3.500 ns                ;
; N/A   ; 120.48 MHz ( period = 8.300 ns )               ; debouncer:inst7|contadorDeboucing:inst4|inst35 ; debouncer:inst7|contadorDeboucing:inst4|inst34 ; CLK25      ; CLK25    ; None                        ; None                      ; 3.500 ns                ;
; N/A   ; Restricted to 200.00 MHz ( period = 5.000 ns ) ; debouncer:inst7|contadorDeboucing:inst4|inst35 ; debouncer:inst7|contadorDeboucing:inst4|inst35 ; CLK25      ; CLK25    ; None                        ; None                      ; 2.400 ns                ;
; N/A   ; Restricted to 200.00 MHz ( period = 5.000 ns ) ; debouncer:inst7|inst2                          ; debouncer:inst7|inst1                          ; CLK25      ; CLK25    ; None                        ; None                      ; 1.200 ns                ;
; N/A   ; Restricted to 200.00 MHz ( period = 5.000 ns ) ; debouncer:inst7|inst                           ; debouncer:inst7|inst2                          ; CLK25      ; CLK25    ; None                        ; None                      ; 1.200 ns                ;
; N/A   ; Restricted to 200.00 MHz ( period = 5.000 ns ) ; debouncer:inst7|contadorDeboucing:inst4|inst34 ; debouncer:inst7|contadorDeboucing:inst4|inst34 ; CLK25      ; CLK25    ; None                        ; None                      ; 1.200 ns                ;
; N/A   ; Restricted to 200.00 MHz ( period = 5.000 ns ) ; debouncer:inst7|contadorDeboucing:inst4|inst33 ; debouncer:inst7|contadorDeboucing:inst4|inst33 ; CLK25      ; CLK25    ; None                        ; None                      ; 1.200 ns                ;
; N/A   ; Restricted to 200.00 MHz ( period = 5.000 ns ) ; debouncer:inst7|contadorDeboucing:inst4|inst32 ; debouncer:inst7|contadorDeboucing:inst4|inst32 ; CLK25      ; CLK25    ; None                        ; None                      ; 1.200 ns                ;
; N/A   ; Restricted to 200.00 MHz ( period = 5.000 ns ) ; debouncer:inst7|contadorDeboucing:inst4|inst31 ; debouncer:inst7|contadorDeboucing:inst4|inst31 ; CLK25      ; CLK25    ; None                        ; None                      ; 1.200 ns                ;
; N/A   ; Restricted to 200.00 MHz ( period = 5.000 ns ) ; debouncer:inst7|contadorDeboucing:inst4|inst30 ; debouncer:inst7|contadorDeboucing:inst4|inst30 ; CLK25      ; CLK25    ; None                        ; None                      ; 1.200 ns                ;
; N/A   ; Restricted to 200.00 MHz ( period = 5.000 ns ) ; debouncer:inst7|contadorDeboucing:inst4|inst29 ; debouncer:inst7|contadorDeboucing:inst4|inst29 ; CLK25      ; CLK25    ; None                        ; None                      ; 1.200 ns                ;
; N/A   ; Restricted to 200.00 MHz ( period = 5.000 ns ) ; debouncer:inst7|contadorDeboucing:inst4|inst28 ; debouncer:inst7|contadorDeboucing:inst4|inst28 ; CLK25      ; CLK25    ; None                        ; None                      ; 1.200 ns                ;
; N/A   ; Restricted to 200.00 MHz ( period = 5.000 ns ) ; debouncer:inst7|contadorDeboucing:inst4|inst26 ; debouncer:inst7|contadorDeboucing:inst4|inst26 ; CLK25      ; CLK25    ; None                        ; None                      ; 1.200 ns                ;
; N/A   ; Restricted to 200.00 MHz ( period = 5.000 ns ) ; debouncer:inst7|contadorDeboucing:inst4|inst25 ; debouncer:inst7|contadorDeboucing:inst4|inst25 ; CLK25      ; CLK25    ; None                        ; None                      ; 1.200 ns                ;
; N/A   ; Restricted to 200.00 MHz ( period = 5.000 ns ) ; debouncer:inst7|contadorDeboucing:inst4|inst24 ; debouncer:inst7|contadorDeboucing:inst4|inst24 ; CLK25      ; CLK25    ; None                        ; None                      ; 1.200 ns                ;
; N/A   ; Restricted to 200.00 MHz ( period = 5.000 ns ) ; debouncer:inst7|contadorDeboucing:inst4|inst27 ; debouncer:inst7|contadorDeboucing:inst4|inst27 ; CLK25      ; CLK25    ; None                        ; None                      ; 1.200 ns                ;
; N/A   ; Restricted to 200.00 MHz ( period = 5.000 ns ) ; debouncer:inst7|contadorDeboucing:inst4|inst23 ; debouncer:inst7|contadorDeboucing:inst4|inst23 ; CLK25      ; CLK25    ; None                        ; None                      ; 1.200 ns                ;
; N/A   ; Restricted to 200.00 MHz ( period = 5.000 ns ) ; debouncer:inst7|contadorDeboucing:inst4|inst22 ; debouncer:inst7|contadorDeboucing:inst4|inst22 ; CLK25      ; CLK25    ; None                        ; None                      ; 1.200 ns                ;
; N/A   ; Restricted to 200.00 MHz ( period = 5.000 ns ) ; debouncer:inst7|contadorDeboucing:inst4|inst21 ; debouncer:inst7|contadorDeboucing:inst4|inst21 ; CLK25      ; CLK25    ; None                        ; None                      ; 1.200 ns                ;
; N/A   ; Restricted to 200.00 MHz ( period = 5.000 ns ) ; debouncer:inst7|contadorDeboucing:inst4|inst20 ; debouncer:inst7|contadorDeboucing:inst4|inst20 ; CLK25      ; CLK25    ; None                        ; None                      ; 1.200 ns                ;
; N/A   ; Restricted to 200.00 MHz ( period = 5.000 ns ) ; debouncer:inst7|contadorDeboucing:inst4|inst19 ; debouncer:inst7|contadorDeboucing:inst4|inst19 ; CLK25      ; CLK25    ; None                        ; None                      ; 1.200 ns                ;
; N/A   ; Restricted to 200.00 MHz ( period = 5.000 ns ) ; debouncer:inst7|contadorDeboucing:inst4|inst   ; debouncer:inst7|contadorDeboucing:inst4|inst   ; CLK25      ; CLK25    ; None                        ; None                      ; 1.200 ns                ;
+-------+------------------------------------------------+------------------------------------------------+------------------------------------------------+------------+----------+-----------------------------+---------------------------+-------------------------+


+--------------------------------------------------------------------------------------------+
; tsu                                                                                        ;
+-------+--------------+------------+-------------+-------------------------+----------------+
; Slack ; Required tsu ; Actual tsu ; From        ; To                      ; To Clock       ;
+-------+--------------+------------+-------------+-------------------------+----------------+
; N/A   ; None         ; 7.500 ns   ; entradaMSB2 ; registrador:inst1|inst  ; botaoRegistro1 ;
; N/A   ; None         ; 6.700 ns   ; entradaMSB1 ; registrador:inst|inst   ; botaoRegistro1 ;
; N/A   ; None         ; 6.600 ns   ; entradaB1   ; registrador:inst|inst4  ; botaoRegistro1 ;
; N/A   ; None         ; 6.600 ns   ; entradaLSB2 ; registrador:inst1|inst6 ; botaoRegistro1 ;
; N/A   ; None         ; 6.500 ns   ; entradaC2   ; registrador:inst1|inst5 ; botaoRegistro1 ;
; N/A   ; None         ; 6.100 ns   ; entradaLSB1 ; registrador:inst|inst6  ; botaoRegistro1 ;
; N/A   ; None         ; 4.800 ns   ; operacao    ; debouncer:inst7|inst    ; CLK25          ;
; N/A   ; None         ; 4.300 ns   ; entradaC1   ; registrador:inst|inst5  ; botaoRegistro1 ;
; N/A   ; None         ; 1.900 ns   ; entradaB2   ; registrador:inst1|inst4 ; botaoRegistro1 ;
+-------+--------------+------------+-------------+-------------------------+----------------+


+-----------------------------------------------------------------------------------+
; tco                                                                               ;
+-------+--------------+------------+-------------------------+----+----------------+
; Slack ; Required tco ; Actual tco ; From                    ; To ; From Clock     ;
+-------+--------------+------------+-------------------------+----+----------------+
; N/A   ; None         ; 87.200 ns  ; contador:inst13|inst1   ; B  ; CLK            ;
; N/A   ; None         ; 86.300 ns  ; contador:inst13|inst1   ; D  ; CLK            ;
; N/A   ; None         ; 84.000 ns  ; contador:inst13|inst    ; B  ; CLK            ;
; N/A   ; None         ; 83.300 ns  ; contador:inst13|inst1   ; G  ; CLK            ;
; N/A   ; None         ; 83.100 ns  ; contador:inst13|inst    ; D  ; CLK            ;
; N/A   ; None         ; 82.000 ns  ; contador:inst13|inst1   ; C  ; CLK            ;
; N/A   ; None         ; 80.100 ns  ; contador:inst13|inst    ; G  ; CLK            ;
; N/A   ; None         ; 79.500 ns  ; contador:inst13|inst    ; E  ; CLK            ;
; N/A   ; None         ; 79.000 ns  ; contador:inst13|inst1   ; E  ; CLK            ;
; N/A   ; None         ; 78.800 ns  ; contador:inst13|inst    ; C  ; CLK            ;
; N/A   ; None         ; 75.300 ns  ; contador:inst13|inst1   ; F  ; CLK            ;
; N/A   ; None         ; 74.300 ns  ; contador:inst13|inst1   ; D1 ; CLK            ;
; N/A   ; None         ; 74.000 ns  ; contador:inst13|inst1   ; D3 ; CLK            ;
; N/A   ; None         ; 73.800 ns  ; contador:inst13|inst1   ; D4 ; CLK            ;
; N/A   ; None         ; 73.600 ns  ; contador:inst13|inst1   ; D2 ; CLK            ;
; N/A   ; None         ; 73.100 ns  ; contador:inst13|inst1   ; A  ; CLK            ;
; N/A   ; None         ; 72.500 ns  ; contador:inst13|inst1   ; DP ; CLK            ;
; N/A   ; None         ; 72.300 ns  ; contador:inst13|inst    ; A  ; CLK            ;
; N/A   ; None         ; 71.800 ns  ; contador:inst13|inst    ; F  ; CLK            ;
; N/A   ; None         ; 71.100 ns  ; contador:inst13|inst    ; D1 ; CLK            ;
; N/A   ; None         ; 71.000 ns  ; contador:inst13|inst    ; DP ; CLK            ;
; N/A   ; None         ; 70.800 ns  ; contador:inst13|inst    ; D3 ; CLK            ;
; N/A   ; None         ; 70.800 ns  ; contador:inst13|inst    ; D2 ; CLK            ;
; N/A   ; None         ; 70.600 ns  ; contador:inst13|inst    ; D4 ; CLK            ;
; N/A   ; None         ; 30.800 ns  ; registrador:inst2|inst4 ; B  ; botaoRegistro2 ;
; N/A   ; None         ; 30.700 ns  ; registrador:inst2|inst5 ; B  ; botaoRegistro2 ;
; N/A   ; None         ; 29.800 ns  ; registrador:inst2|inst  ; B  ; botaoRegistro2 ;
; N/A   ; None         ; 27.600 ns  ; registrador:inst3|inst  ; B  ; botaoRegistro2 ;
; N/A   ; None         ; 27.300 ns  ; registrador:inst2|inst5 ; G  ; botaoRegistro2 ;
; N/A   ; None         ; 26.600 ns  ; registrador:inst|inst5  ; G  ; botaoRegistro1 ;
; N/A   ; None         ; 26.600 ns  ; registrador:inst2|inst  ; G  ; botaoRegistro2 ;
; N/A   ; None         ; 26.500 ns  ; registrador:inst|inst5  ; B  ; botaoRegistro1 ;
; N/A   ; None         ; 26.400 ns  ; registrador:inst2|inst4 ; G  ; botaoRegistro2 ;
; N/A   ; None         ; 26.200 ns  ; registrador:inst1|inst  ; G  ; botaoRegistro1 ;
; N/A   ; None         ; 26.200 ns  ; registrador:inst1|inst6 ; G  ; botaoRegistro1 ;
; N/A   ; None         ; 26.200 ns  ; registrador:inst1|inst5 ; G  ; botaoRegistro1 ;
; N/A   ; None         ; 25.700 ns  ; registrador:inst|inst6  ; G  ; botaoRegistro1 ;
; N/A   ; None         ; 25.600 ns  ; registrador:inst2|inst6 ; B  ; botaoRegistro2 ;
; N/A   ; None         ; 25.500 ns  ; registrador:inst|inst4  ; G  ; botaoRegistro1 ;
; N/A   ; None         ; 25.400 ns  ; registrador:inst2|inst6 ; G  ; botaoRegistro2 ;
; N/A   ; None         ; 25.200 ns  ; registrador:inst|inst6  ; B  ; botaoRegistro1 ;
; N/A   ; None         ; 25.100 ns  ; registrador:inst1|inst4 ; G  ; botaoRegistro1 ;
; N/A   ; None         ; 24.700 ns  ; registrador:inst1|inst6 ; E  ; botaoRegistro1 ;
; N/A   ; None         ; 24.700 ns  ; registrador:inst1|inst5 ; E  ; botaoRegistro1 ;
; N/A   ; None         ; 24.600 ns  ; registrador:inst1|inst5 ; C  ; botaoRegistro1 ;
; N/A   ; None         ; 24.500 ns  ; registrador:inst1|inst5 ; D  ; botaoRegistro1 ;
; N/A   ; None         ; 24.400 ns  ; registrador:inst|inst   ; G  ; botaoRegistro1 ;
; N/A   ; None         ; 24.400 ns  ; registrador:inst1|inst6 ; D  ; botaoRegistro1 ;
; N/A   ; None         ; 24.400 ns  ; registrador:inst|inst4  ; B  ; botaoRegistro1 ;
; N/A   ; None         ; 24.300 ns  ; registrador:inst|inst5  ; D  ; botaoRegistro1 ;
; N/A   ; None         ; 24.300 ns  ; registrador:inst2|inst4 ; C  ; botaoRegistro2 ;
; N/A   ; None         ; 24.300 ns  ; registrador:inst|inst   ; B  ; botaoRegistro1 ;
; N/A   ; None         ; 24.200 ns  ; registrador:inst3|inst  ; G  ; botaoRegistro2 ;
; N/A   ; None         ; 24.100 ns  ; registrador:inst1|inst6 ; C  ; botaoRegistro1 ;
; N/A   ; None         ; 24.000 ns  ; registrador:inst3|inst  ; C  ; botaoRegistro2 ;
; N/A   ; None         ; 23.800 ns  ; registrador:inst2|inst5 ; C  ; botaoRegistro2 ;
; N/A   ; None         ; 23.700 ns  ; registrador:inst1|inst4 ; E  ; botaoRegistro1 ;
; N/A   ; None         ; 23.600 ns  ; registrador:inst1|inst4 ; D  ; botaoRegistro1 ;
; N/A   ; None         ; 23.500 ns  ; registrador:inst|inst5  ; C  ; botaoRegistro1 ;
; N/A   ; None         ; 23.300 ns  ; registrador:inst|inst6  ; D  ; botaoRegistro1 ;
; N/A   ; None         ; 23.300 ns  ; registrador:inst2|inst  ; C  ; botaoRegistro2 ;
; N/A   ; None         ; 23.200 ns  ; registrador:inst2|inst4 ; F  ; botaoRegistro2 ;
; N/A   ; None         ; 23.200 ns  ; registrador:inst1|inst5 ; B  ; botaoRegistro1 ;
; N/A   ; None         ; 23.100 ns  ; registrador:inst3|inst  ; F  ; botaoRegistro2 ;
; N/A   ; None         ; 23.100 ns  ; registrador:inst1|inst  ; B  ; botaoRegistro1 ;
; N/A   ; None         ; 22.800 ns  ; registrador:inst2|inst6 ; F  ; botaoRegistro2 ;
; N/A   ; None         ; 22.700 ns  ; registrador:inst|inst4  ; D  ; botaoRegistro1 ;
; N/A   ; None         ; 22.700 ns  ; registrador:inst1|inst6 ; B  ; botaoRegistro1 ;
; N/A   ; None         ; 22.200 ns  ; registrador:inst2|inst  ; F  ; botaoRegistro2 ;
; N/A   ; None         ; 22.100 ns  ; registrador:inst|inst5  ; F  ; botaoRegistro1 ;
; N/A   ; None         ; 22.000 ns  ; registrador:inst|inst6  ; C  ; botaoRegistro1 ;
; N/A   ; None         ; 22.000 ns  ; registrador:inst1|inst  ; A  ; botaoRegistro1 ;
; N/A   ; None         ; 21.800 ns  ; registrador:inst3|inst  ; E  ; botaoRegistro2 ;
; N/A   ; None         ; 21.700 ns  ; registrador:inst|inst5  ; E  ; botaoRegistro1 ;
; N/A   ; None         ; 21.700 ns  ; registrador:inst2|inst5 ; E  ; botaoRegistro2 ;
; N/A   ; None         ; 21.600 ns  ; registrador:inst1|inst  ; F  ; botaoRegistro1 ;
; N/A   ; None         ; 21.600 ns  ; registrador:inst1|inst5 ; F  ; botaoRegistro1 ;
; N/A   ; None         ; 21.500 ns  ; registrador:inst1|inst4 ; B  ; botaoRegistro1 ;
; N/A   ; None         ; 21.500 ns  ; registrador:inst1|inst5 ; A  ; botaoRegistro1 ;
; N/A   ; None         ; 21.400 ns  ; registrador:inst1|inst6 ; F  ; botaoRegistro1 ;
; N/A   ; None         ; 21.400 ns  ; registrador:inst2|inst5 ; D  ; botaoRegistro2 ;
; N/A   ; None         ; 21.400 ns  ; registrador:inst1|inst6 ; A  ; botaoRegistro1 ;
; N/A   ; None         ; 21.300 ns  ; registrador:inst2|inst4 ; D  ; botaoRegistro2 ;
; N/A   ; None         ; 21.300 ns  ; registrador:inst1|inst  ; C  ; botaoRegistro1 ;
; N/A   ; None         ; 21.100 ns  ; registrador:inst1|inst  ; DP ; botaoRegistro1 ;
; N/A   ; None         ; 21.100 ns  ; registrador:inst1|inst6 ; DP ; botaoRegistro1 ;
; N/A   ; None         ; 21.100 ns  ; registrador:inst1|inst5 ; DP ; botaoRegistro1 ;
; N/A   ; None         ; 21.000 ns  ; registrador:inst|inst6  ; F  ; botaoRegistro1 ;
; N/A   ; None         ; 20.900 ns  ; registrador:inst3|inst  ; D  ; botaoRegistro2 ;
; N/A   ; None         ; 20.900 ns  ; registrador:inst2|inst6 ; C  ; botaoRegistro2 ;
; N/A   ; None         ; 20.900 ns  ; registrador:inst|inst5  ; A  ; botaoRegistro1 ;
; N/A   ; None         ; 20.800 ns  ; registrador:inst|inst6  ; E  ; botaoRegistro1 ;
; N/A   ; None         ; 20.800 ns  ; registrador:inst1|inst4 ; A  ; botaoRegistro1 ;
; N/A   ; None         ; 20.700 ns  ; registrador:inst1|inst4 ; F  ; botaoRegistro1 ;
; N/A   ; None         ; 20.700 ns  ; registrador:inst|inst4  ; F  ; botaoRegistro1 ;
; N/A   ; None         ; 20.700 ns  ; registrador:inst2|inst5 ; F  ; botaoRegistro2 ;
; N/A   ; None         ; 20.600 ns  ; registrador:inst2|inst6 ; E  ; botaoRegistro2 ;
; N/A   ; None         ; 20.500 ns  ; registrador:inst|inst5  ; DP ; botaoRegistro1 ;
; N/A   ; None         ; 20.500 ns  ; registrador:inst|inst4  ; E  ; botaoRegistro1 ;
; N/A   ; None         ; 20.200 ns  ; registrador:inst2|inst4 ; E  ; botaoRegistro2 ;
; N/A   ; None         ; 20.000 ns  ; registrador:inst1|inst4 ; DP ; botaoRegistro1 ;
; N/A   ; None         ; 20.000 ns  ; registrador:inst1|inst4 ; C  ; botaoRegistro1 ;
; N/A   ; None         ; 19.900 ns  ; registrador:inst|inst   ; F  ; botaoRegistro1 ;
; N/A   ; None         ; 19.900 ns  ; registrador:inst|inst6  ; A  ; botaoRegistro1 ;
; N/A   ; None         ; 19.800 ns  ; registrador:inst|inst   ; C  ; botaoRegistro1 ;
; N/A   ; None         ; 19.700 ns  ; registrador:inst|inst4  ; C  ; botaoRegistro1 ;
; N/A   ; None         ; 19.700 ns  ; registrador:inst|inst4  ; A  ; botaoRegistro1 ;
; N/A   ; None         ; 19.500 ns  ; registrador:inst|inst6  ; DP ; botaoRegistro1 ;
; N/A   ; None         ; 19.200 ns  ; registrador:inst2|inst  ; E  ; botaoRegistro2 ;
; N/A   ; None         ; 19.200 ns  ; registrador:inst|inst   ; A  ; botaoRegistro1 ;
; N/A   ; None         ; 19.100 ns  ; registrador:inst2|inst6 ; D  ; botaoRegistro2 ;
; N/A   ; None         ; 18.700 ns  ; registrador:inst|inst4  ; DP ; botaoRegistro1 ;
; N/A   ; None         ; 18.400 ns  ; registrador:inst2|inst  ; D  ; botaoRegistro2 ;
; N/A   ; None         ; 18.200 ns  ; registrador:inst|inst   ; DP ; botaoRegistro1 ;
+-------+--------------+------------+-------------------------+----+----------------+


+--------------------------------------------------------------------------------------------------+
; th                                                                                               ;
+---------------+-------------+-----------+-------------+-------------------------+----------------+
; Minimum Slack ; Required th ; Actual th ; From        ; To                      ; To Clock       ;
+---------------+-------------+-----------+-------------+-------------------------+----------------+
; N/A           ; None        ; -0.300 ns ; entradaB2   ; registrador:inst1|inst4 ; botaoRegistro1 ;
; N/A           ; None        ; -2.700 ns ; entradaC1   ; registrador:inst|inst5  ; botaoRegistro1 ;
; N/A           ; None        ; -3.200 ns ; operacao    ; debouncer:inst7|inst    ; CLK25          ;
; N/A           ; None        ; -4.500 ns ; entradaLSB1 ; registrador:inst|inst6  ; botaoRegistro1 ;
; N/A           ; None        ; -4.900 ns ; entradaC2   ; registrador:inst1|inst5 ; botaoRegistro1 ;
; N/A           ; None        ; -5.000 ns ; entradaB1   ; registrador:inst|inst4  ; botaoRegistro1 ;
; N/A           ; None        ; -5.000 ns ; entradaLSB2 ; registrador:inst1|inst6 ; botaoRegistro1 ;
; N/A           ; None        ; -5.100 ns ; entradaMSB1 ; registrador:inst|inst   ; botaoRegistro1 ;
; N/A           ; None        ; -5.900 ns ; entradaMSB2 ; registrador:inst1|inst  ; botaoRegistro1 ;
+---------------+-------------+-----------+-------------+-------------------------+----------------+


+--------------------------+
; Timing Analyzer Messages ;
+--------------------------+
Info: *******************************************************************
Info: Running Quartus II Classic Timing Analyzer
    Info: Version 9.0 Build 235 06/17/2009 Service Pack 2 SJ Web Edition
    Info: Processing started: Fri Aug 16 08:01:28 2019
Info: Command: quartus_tan --read_settings_files=off --write_settings_files=off calculadoraBinaria -c calculadoraBinaria
Info: Started post-fitting delay annotation
Info: Delay annotation completed successfully
Warning: Found pins functioning as undefined clocks and/or memory enables
    Info: Assuming node "CLK" is an undefined clock
    Info: Assuming node "botaoRegistro1" is an undefined clock
    Info: Assuming node "botaoRegistro2" is an undefined clock
    Info: Assuming node "CLK25" is an undefined clock
Warning: Found 35 node(s) in clock paths which may be acting as ripple and/or gated clocks -- node(s) analyzed as buffer(s) resulting in clock skew
    Info: Detected ripple clock "debouncer:inst7|contadorDeboucing:inst4|inst" as buffer
    Info: Detected ripple clock "debouncer:inst7|contadorDeboucing:inst4|inst19" as buffer
    Info: Detected ripple clock "debouncer:inst7|contadorDeboucing:inst4|inst20" as buffer
    Info: Detected ripple clock "divisorDeFrequencia:inst5|inst" as buffer
    Info: Detected ripple clock "debouncer:inst7|contadorDeboucing:inst4|inst21" as buffer
    Info: Detected ripple clock "divisorDeFrequencia:inst5|inst1" as buffer
    Info: Detected ripple clock "debouncer:inst7|contadorDeboucing:inst4|inst22" as buffer
    Info: Detected ripple clock "divisorDeFrequencia:inst5|inst2" as buffer
    Info: Detected ripple clock "debouncer:inst7|contadorDeboucing:inst4|inst23" as buffer
    Info: Detected ripple clock "divisorDeFrequencia:inst5|inst3" as buffer
    Info: Detected ripple clock "debouncer:inst7|contadorDeboucing:inst4|inst27" as buffer
    Info: Detected ripple clock "divisorDeFrequencia:inst5|inst4" as buffer
    Info: Detected ripple clock "debouncer:inst7|contadorDeboucing:inst4|inst24" as buffer
    Info: Detected ripple clock "divisorDeFrequencia:inst5|inst5" as buffer
    Info: Detected ripple clock "debouncer:inst7|contadorDeboucing:inst4|inst25" as buffer
    Info: Detected ripple clock "divisorDeFrequencia:inst5|inst6" as buffer
    Info: Detected ripple clock "debouncer:inst7|contadorDeboucing:inst4|inst26" as buffer
    Info: Detected ripple clock "divisorDeFrequencia:inst5|inst7" as buffer
    Info: Detected ripple clock "debouncer:inst7|contadorDeboucing:inst4|inst28" as buffer
    Info: Detected ripple clock "divisorDeFrequencia:inst5|inst8" as buffer
    Info: Detected ripple clock "debouncer:inst7|contadorDeboucing:inst4|inst29" as buffer
    Info: Detected ripple clock "divisorDeFrequencia:inst5|inst9" as buffer
    Info: Detected ripple clock "debouncer:inst7|contadorDeboucing:inst4|inst30" as buffer
    Info: Detected ripple clock "divisorDeFrequencia:inst5|inst10" as buffer
    Info: Detected ripple clock "debouncer:inst7|contadorDeboucing:inst4|inst31" as buffer
    Info: Detected ripple clock "divisorDeFrequencia:inst5|inst11" as buffer
    Info: Detected ripple clock "debouncer:inst7|contadorDeboucing:inst4|inst32" as buffer
    Info: Detected ripple clock "divisorDeFrequencia:inst5|inst12" as buffer
    Info: Detected ripple clock "debouncer:inst7|contadorDeboucing:inst4|inst33" as buffer
    Info: Detected ripple clock "divisorDeFrequencia:inst5|inst13" as buffer
    Info: Detected ripple clock "debouncer:inst7|contadorDeboucing:inst4|inst34" as buffer
    Info: Detected ripple clock "divisorDeFrequencia:inst5|inst14" as buffer
    Info: Detected ripple clock "divisorDeFrequencia:inst5|inst15" as buffer
    Info: Detected ripple clock "divisorDeFrequencia:inst5|inst16" as buffer
    Info: Detected ripple clock "contador:inst13|inst" as buffer
Info: Clock "CLK" Internal fmax is restricted to 200.0 MHz between source register "contador:inst13|inst" and destination register "contador:inst13|inst"
    Info: fmax restricted to Clock High delay (2.5 ns) plus Clock Low delay (2.5 ns) : restricted to 5.0 ns. Expand message to see actual delay path.
        Info: + Longest register to register delay is 1.200 ns
            Info: 1: + IC(0.000 ns) + CELL(0.000 ns) = 0.000 ns; Loc. = LC1_A18; Fanout = 17; REG Node = 'contador:inst13|inst'
            Info: 2: + IC(0.200 ns) + CELL(1.000 ns) = 1.200 ns; Loc. = LC1_A18; Fanout = 17; REG Node = 'contador:inst13|inst'
            Info: Total cell delay = 1.000 ns ( 83.33 % )
            Info: Total interconnect delay = 0.200 ns ( 16.67 % )
        Info: - Smallest clock skew is 0.000 ns
            Info: + Shortest clock path from clock "CLK" to destination register is 57.200 ns
                Info: 1: + IC(0.000 ns) + CELL(0.500 ns) = 0.500 ns; Loc. = PIN_182; Fanout = 1; CLK Node = 'CLK'
                Info: 2: + IC(1.400 ns) + CELL(1.100 ns) = 3.000 ns; Loc. = LC1_D6; Fanout = 2; REG Node = 'divisorDeFrequencia:inst5|inst'
                Info: 3: + IC(2.400 ns) + CELL(1.100 ns) = 6.500 ns; Loc. = LC1_D26; Fanout = 2; REG Node = 'divisorDeFrequencia:inst5|inst1'
                Info: 4: + IC(2.000 ns) + CELL(1.100 ns) = 9.600 ns; Loc. = LC1_D13; Fanout = 2; REG Node = 'divisorDeFrequencia:inst5|inst2'
                Info: 5: + IC(1.800 ns) + CELL(1.100 ns) = 12.500 ns; Loc. = LC1_D7; Fanout = 2; REG Node = 'divisorDeFrequencia:inst5|inst3'
                Info: 6: + IC(4.200 ns) + CELL(1.100 ns) = 17.800 ns; Loc. = LC1_K11; Fanout = 2; REG Node = 'divisorDeFrequencia:inst5|inst4'
                Info: 7: + IC(2.200 ns) + CELL(1.100 ns) = 21.100 ns; Loc. = LC1_K24; Fanout = 2; REG Node = 'divisorDeFrequencia:inst5|inst5'
                Info: 8: + IC(2.000 ns) + CELL(1.100 ns) = 24.200 ns; Loc. = LC1_K12; Fanout = 2; REG Node = 'divisorDeFrequencia:inst5|inst6'
                Info: 9: + IC(1.900 ns) + CELL(1.100 ns) = 27.200 ns; Loc. = LC2_K14; Fanout = 2; REG Node = 'divisorDeFrequencia:inst5|inst7'
                Info: 10: + IC(0.200 ns) + CELL(1.100 ns) = 28.500 ns; Loc. = LC1_K14; Fanout = 2; REG Node = 'divisorDeFrequencia:inst5|inst8'
                Info: 11: + IC(1.800 ns) + CELL(1.100 ns) = 31.400 ns; Loc. = LC2_K9; Fanout = 2; REG Node = 'divisorDeFrequencia:inst5|inst9'
                Info: 12: + IC(0.200 ns) + CELL(1.100 ns) = 32.700 ns; Loc. = LC1_K9; Fanout = 2; REG Node = 'divisorDeFrequencia:inst5|inst10'
                Info: 13: + IC(2.500 ns) + CELL(1.100 ns) = 36.300 ns; Loc. = LC1_K46; Fanout = 2; REG Node = 'divisorDeFrequencia:inst5|inst11'
                Info: 14: + IC(1.800 ns) + CELL(1.100 ns) = 39.200 ns; Loc. = LC1_K41; Fanout = 2; REG Node = 'divisorDeFrequencia:inst5|inst12'
                Info: 15: + IC(4.100 ns) + CELL(1.100 ns) = 44.400 ns; Loc. = LC1_E33; Fanout = 2; REG Node = 'divisorDeFrequencia:inst5|inst13'
                Info: 16: + IC(2.000 ns) + CELL(1.100 ns) = 47.500 ns; Loc. = LC1_E46; Fanout = 2; REG Node = 'divisorDeFrequencia:inst5|inst14'
                Info: 17: + IC(1.700 ns) + CELL(1.100 ns) = 50.300 ns; Loc. = LC1_E44; Fanout = 2; REG Node = 'divisorDeFrequencia:inst5|inst15'
                Info: 18: + IC(1.800 ns) + CELL(1.100 ns) = 53.200 ns; Loc. = LC1_E35; Fanout = 2; REG Node = 'divisorDeFrequencia:inst5|inst16'
                Info: 19: + IC(4.000 ns) + CELL(0.000 ns) = 57.200 ns; Loc. = LC1_A18; Fanout = 17; REG Node = 'contador:inst13|inst'
                Info: Total cell delay = 19.200 ns ( 33.57 % )
                Info: Total interconnect delay = 38.000 ns ( 66.43 % )
            Info: - Longest clock path from clock "CLK" to source register is 57.200 ns
                Info: 1: + IC(0.000 ns) + CELL(0.500 ns) = 0.500 ns; Loc. = PIN_182; Fanout = 1; CLK Node = 'CLK'
                Info: 2: + IC(1.400 ns) + CELL(1.100 ns) = 3.000 ns; Loc. = LC1_D6; Fanout = 2; REG Node = 'divisorDeFrequencia:inst5|inst'
                Info: 3: + IC(2.400 ns) + CELL(1.100 ns) = 6.500 ns; Loc. = LC1_D26; Fanout = 2; REG Node = 'divisorDeFrequencia:inst5|inst1'
                Info: 4: + IC(2.000 ns) + CELL(1.100 ns) = 9.600 ns; Loc. = LC1_D13; Fanout = 2; REG Node = 'divisorDeFrequencia:inst5|inst2'
                Info: 5: + IC(1.800 ns) + CELL(1.100 ns) = 12.500 ns; Loc. = LC1_D7; Fanout = 2; REG Node = 'divisorDeFrequencia:inst5|inst3'
                Info: 6: + IC(4.200 ns) + CELL(1.100 ns) = 17.800 ns; Loc. = LC1_K11; Fanout = 2; REG Node = 'divisorDeFrequencia:inst5|inst4'
                Info: 7: + IC(2.200 ns) + CELL(1.100 ns) = 21.100 ns; Loc. = LC1_K24; Fanout = 2; REG Node = 'divisorDeFrequencia:inst5|inst5'
                Info: 8: + IC(2.000 ns) + CELL(1.100 ns) = 24.200 ns; Loc. = LC1_K12; Fanout = 2; REG Node = 'divisorDeFrequencia:inst5|inst6'
                Info: 9: + IC(1.900 ns) + CELL(1.100 ns) = 27.200 ns; Loc. = LC2_K14; Fanout = 2; REG Node = 'divisorDeFrequencia:inst5|inst7'
                Info: 10: + IC(0.200 ns) + CELL(1.100 ns) = 28.500 ns; Loc. = LC1_K14; Fanout = 2; REG Node = 'divisorDeFrequencia:inst5|inst8'
                Info: 11: + IC(1.800 ns) + CELL(1.100 ns) = 31.400 ns; Loc. = LC2_K9; Fanout = 2; REG Node = 'divisorDeFrequencia:inst5|inst9'
                Info: 12: + IC(0.200 ns) + CELL(1.100 ns) = 32.700 ns; Loc. = LC1_K9; Fanout = 2; REG Node = 'divisorDeFrequencia:inst5|inst10'
                Info: 13: + IC(2.500 ns) + CELL(1.100 ns) = 36.300 ns; Loc. = LC1_K46; Fanout = 2; REG Node = 'divisorDeFrequencia:inst5|inst11'
                Info: 14: + IC(1.800 ns) + CELL(1.100 ns) = 39.200 ns; Loc. = LC1_K41; Fanout = 2; REG Node = 'divisorDeFrequencia:inst5|inst12'
                Info: 15: + IC(4.100 ns) + CELL(1.100 ns) = 44.400 ns; Loc. = LC1_E33; Fanout = 2; REG Node = 'divisorDeFrequencia:inst5|inst13'
                Info: 16: + IC(2.000 ns) + CELL(1.100 ns) = 47.500 ns; Loc. = LC1_E46; Fanout = 2; REG Node = 'divisorDeFrequencia:inst5|inst14'
                Info: 17: + IC(1.700 ns) + CELL(1.100 ns) = 50.300 ns; Loc. = LC1_E44; Fanout = 2; REG Node = 'divisorDeFrequencia:inst5|inst15'
                Info: 18: + IC(1.800 ns) + CELL(1.100 ns) = 53.200 ns; Loc. = LC1_E35; Fanout = 2; REG Node = 'divisorDeFrequencia:inst5|inst16'
                Info: 19: + IC(4.000 ns) + CELL(0.000 ns) = 57.200 ns; Loc. = LC1_A18; Fanout = 17; REG Node = 'contador:inst13|inst'
                Info: Total cell delay = 19.200 ns ( 33.57 % )
                Info: Total interconnect delay = 38.000 ns ( 66.43 % )
        Info: + Micro clock to output delay of source is 1.100 ns
        Info: + Micro setup delay of destination is 0.700 ns
Info: No valid register-to-register data paths exist for clock "botaoRegistro1"
Info: No valid register-to-register data paths exist for clock "botaoRegistro2"
Info: Clock "CLK25" has Internal fmax of 20.49 MHz between source register "debouncer:inst7|contadorDeboucing:inst4|inst35" and destination register "debouncer:inst7|contadorDeboucing:inst4|inst" (period= 48.8 ns)
    Info: + Longest register to register delay is 2.400 ns
        Info: 1: + IC(0.000 ns) + CELL(0.000 ns) = 0.000 ns; Loc. = LC4_J40; Fanout = 2; REG Node = 'debouncer:inst7|contadorDeboucing:inst4|inst35'
        Info: 2: + IC(0.200 ns) + CELL(1.700 ns) = 1.900 ns; Loc. = LC6_J40; Fanout = 18; COMB Node = 'debouncer:inst7|contadorDeboucing:inst4|inst35~4'
        Info: 3: + IC(0.200 ns) + CELL(0.300 ns) = 2.400 ns; Loc. = LC2_J40; Fanout = 2; REG Node = 'debouncer:inst7|contadorDeboucing:inst4|inst'
        Info: Total cell delay = 2.000 ns ( 83.33 % )
        Info: Total interconnect delay = 0.400 ns ( 16.67 % )
    Info: - Smallest clock skew is -44.600 ns
        Info: + Shortest clock path from clock "CLK25" to destination register is 1.900 ns
            Info: 1: + IC(0.000 ns) + CELL(0.500 ns) = 0.500 ns; Loc. = PIN_184; Fanout = 4; CLK Node = 'CLK25'
            Info: 2: + IC(1.400 ns) + CELL(0.000 ns) = 1.900 ns; Loc. = LC2_J40; Fanout = 2; REG Node = 'debouncer:inst7|contadorDeboucing:inst4|inst'
            Info: Total cell delay = 0.500 ns ( 26.32 % )
            Info: Total interconnect delay = 1.400 ns ( 73.68 % )
        Info: - Longest clock path from clock "CLK25" to source register is 46.500 ns
            Info: 1: + IC(0.000 ns) + CELL(0.500 ns) = 0.500 ns; Loc. = PIN_184; Fanout = 4; CLK Node = 'CLK25'
            Info: 2: + IC(1.400 ns) + CELL(1.100 ns) = 3.000 ns; Loc. = LC2_J40; Fanout = 2; REG Node = 'debouncer:inst7|contadorDeboucing:inst4|inst'
            Info: 3: + IC(1.700 ns) + CELL(1.100 ns) = 5.800 ns; Loc. = LC1_J41; Fanout = 2; REG Node = 'debouncer:inst7|contadorDeboucing:inst4|inst19'
            Info: 4: + IC(1.700 ns) + CELL(1.100 ns) = 8.600 ns; Loc. = LC1_J42; Fanout = 2; REG Node = 'debouncer:inst7|contadorDeboucing:inst4|inst20'
            Info: 5: + IC(0.200 ns) + CELL(1.100 ns) = 9.900 ns; Loc. = LC4_J42; Fanout = 2; REG Node = 'debouncer:inst7|contadorDeboucing:inst4|inst21'
            Info: 6: + IC(1.700 ns) + CELL(1.100 ns) = 12.700 ns; Loc. = LC2_J41; Fanout = 2; REG Node = 'debouncer:inst7|contadorDeboucing:inst4|inst22'
            Info: 7: + IC(1.700 ns) + CELL(1.100 ns) = 15.500 ns; Loc. = LC1_J43; Fanout = 2; REG Node = 'debouncer:inst7|contadorDeboucing:inst4|inst23'
            Info: 8: + IC(1.800 ns) + CELL(1.100 ns) = 18.400 ns; Loc. = LC1_J47; Fanout = 2; REG Node = 'debouncer:inst7|contadorDeboucing:inst4|inst27'
            Info: 9: + IC(1.700 ns) + CELL(1.100 ns) = 21.200 ns; Loc. = LC1_J46; Fanout = 2; REG Node = 'debouncer:inst7|contadorDeboucing:inst4|inst24'
            Info: 10: + IC(1.700 ns) + CELL(1.100 ns) = 24.000 ns; Loc. = LC2_J43; Fanout = 2; REG Node = 'debouncer:inst7|contadorDeboucing:inst4|inst25'
            Info: 11: + IC(1.800 ns) + CELL(1.100 ns) = 26.900 ns; Loc. = LC2_J46; Fanout = 2; REG Node = 'debouncer:inst7|contadorDeboucing:inst4|inst26'
            Info: 12: + IC(1.800 ns) + CELL(1.100 ns) = 29.800 ns; Loc. = LC1_J51; Fanout = 2; REG Node = 'debouncer:inst7|contadorDeboucing:inst4|inst28'
            Info: 13: + IC(2.100 ns) + CELL(1.100 ns) = 33.000 ns; Loc. = LC2_J28; Fanout = 2; REG Node = 'debouncer:inst7|contadorDeboucing:inst4|inst29'
            Info: 14: + IC(0.200 ns) + CELL(1.100 ns) = 34.300 ns; Loc. = LC1_J28; Fanout = 2; REG Node = 'debouncer:inst7|contadorDeboucing:inst4|inst30'
            Info: 15: + IC(2.100 ns) + CELL(1.100 ns) = 37.500 ns; Loc. = LC2_J50; Fanout = 2; REG Node = 'debouncer:inst7|contadorDeboucing:inst4|inst31'
            Info: 16: + IC(0.200 ns) + CELL(1.100 ns) = 38.800 ns; Loc. = LC1_J50; Fanout = 2; REG Node = 'debouncer:inst7|contadorDeboucing:inst4|inst32'
            Info: 17: + IC(1.800 ns) + CELL(1.100 ns) = 41.700 ns; Loc. = LC2_J47; Fanout = 2; REG Node = 'debouncer:inst7|contadorDeboucing:inst4|inst33'
            Info: 18: + IC(1.800 ns) + CELL(1.100 ns) = 44.600 ns; Loc. = LC2_J51; Fanout = 2; REG Node = 'debouncer:inst7|contadorDeboucing:inst4|inst34'
            Info: 19: + IC(1.900 ns) + CELL(0.000 ns) = 46.500 ns; Loc. = LC4_J40; Fanout = 2; REG Node = 'debouncer:inst7|contadorDeboucing:inst4|inst35'
            Info: Total cell delay = 19.200 ns ( 41.29 % )
            Info: Total interconnect delay = 27.300 ns ( 58.71 % )
    Info: + Micro clock to output delay of source is 1.100 ns
    Info: + Micro setup delay of destination is 0.700 ns
Info: tsu for register "registrador:inst1|inst" (data pin = "entradaMSB2", clock pin = "botaoRegistro1") is 7.500 ns
    Info: + Longest pin to register delay is 8.700 ns
        Info: 1: + IC(0.000 ns) + CELL(3.100 ns) = 3.100 ns; Loc. = PIN_103; Fanout = 1; PIN Node = 'entradaMSB2'
        Info: 2: + IC(4.600 ns) + CELL(1.000 ns) = 8.700 ns; Loc. = LC1_A4; Fanout = 8; REG Node = 'registrador:inst1|inst'
        Info: Total cell delay = 4.100 ns ( 47.13 % )
        Info: Total interconnect delay = 4.600 ns ( 52.87 % )
    Info: + Micro setup delay of destination is 0.700 ns
    Info: - Shortest clock path from clock "botaoRegistro1" to destination register is 1.900 ns
        Info: 1: + IC(0.000 ns) + CELL(0.500 ns) = 0.500 ns; Loc. = PIN_79; Fanout = 8; CLK Node = 'botaoRegistro1'
        Info: 2: + IC(1.400 ns) + CELL(0.000 ns) = 1.900 ns; Loc. = LC1_A4; Fanout = 8; REG Node = 'registrador:inst1|inst'
        Info: Total cell delay = 0.500 ns ( 26.32 % )
        Info: Total interconnect delay = 1.400 ns ( 73.68 % )
Info: tco from clock "CLK" to destination pin "B" through register "contador:inst13|inst1" is 87.200 ns
    Info: + Longest clock path from clock "CLK" to source register is 59.500 ns
        Info: 1: + IC(0.000 ns) + CELL(0.500 ns) = 0.500 ns; Loc. = PIN_182; Fanout = 1; CLK Node = 'CLK'
        Info: 2: + IC(1.400 ns) + CELL(1.100 ns) = 3.000 ns; Loc. = LC1_D6; Fanout = 2; REG Node = 'divisorDeFrequencia:inst5|inst'
        Info: 3: + IC(2.400 ns) + CELL(1.100 ns) = 6.500 ns; Loc. = LC1_D26; Fanout = 2; REG Node = 'divisorDeFrequencia:inst5|inst1'
        Info: 4: + IC(2.000 ns) + CELL(1.100 ns) = 9.600 ns; Loc. = LC1_D13; Fanout = 2; REG Node = 'divisorDeFrequencia:inst5|inst2'
        Info: 5: + IC(1.800 ns) + CELL(1.100 ns) = 12.500 ns; Loc. = LC1_D7; Fanout = 2; REG Node = 'divisorDeFrequencia:inst5|inst3'
        Info: 6: + IC(4.200 ns) + CELL(1.100 ns) = 17.800 ns; Loc. = LC1_K11; Fanout = 2; REG Node = 'divisorDeFrequencia:inst5|inst4'
        Info: 7: + IC(2.200 ns) + CELL(1.100 ns) = 21.100 ns; Loc. = LC1_K24; Fanout = 2; REG Node = 'divisorDeFrequencia:inst5|inst5'
        Info: 8: + IC(2.000 ns) + CELL(1.100 ns) = 24.200 ns; Loc. = LC1_K12; Fanout = 2; REG Node = 'divisorDeFrequencia:inst5|inst6'
        Info: 9: + IC(1.900 ns) + CELL(1.100 ns) = 27.200 ns; Loc. = LC2_K14; Fanout = 2; REG Node = 'divisorDeFrequencia:inst5|inst7'
        Info: 10: + IC(0.200 ns) + CELL(1.100 ns) = 28.500 ns; Loc. = LC1_K14; Fanout = 2; REG Node = 'divisorDeFrequencia:inst5|inst8'
        Info: 11: + IC(1.800 ns) + CELL(1.100 ns) = 31.400 ns; Loc. = LC2_K9; Fanout = 2; REG Node = 'divisorDeFrequencia:inst5|inst9'
        Info: 12: + IC(0.200 ns) + CELL(1.100 ns) = 32.700 ns; Loc. = LC1_K9; Fanout = 2; REG Node = 'divisorDeFrequencia:inst5|inst10'
        Info: 13: + IC(2.500 ns) + CELL(1.100 ns) = 36.300 ns; Loc. = LC1_K46; Fanout = 2; REG Node = 'divisorDeFrequencia:inst5|inst11'
        Info: 14: + IC(1.800 ns) + CELL(1.100 ns) = 39.200 ns; Loc. = LC1_K41; Fanout = 2; REG Node = 'divisorDeFrequencia:inst5|inst12'
        Info: 15: + IC(4.100 ns) + CELL(1.100 ns) = 44.400 ns; Loc. = LC1_E33; Fanout = 2; REG Node = 'divisorDeFrequencia:inst5|inst13'
        Info: 16: + IC(2.000 ns) + CELL(1.100 ns) = 47.500 ns; Loc. = LC1_E46; Fanout = 2; REG Node = 'divisorDeFrequencia:inst5|inst14'
        Info: 17: + IC(1.700 ns) + CELL(1.100 ns) = 50.300 ns; Loc. = LC1_E44; Fanout = 2; REG Node = 'divisorDeFrequencia:inst5|inst15'
        Info: 18: + IC(1.800 ns) + CELL(1.100 ns) = 53.200 ns; Loc. = LC1_E35; Fanout = 2; REG Node = 'divisorDeFrequencia:inst5|inst16'
        Info: 19: + IC(4.000 ns) + CELL(1.100 ns) = 58.300 ns; Loc. = LC1_A18; Fanout = 17; REG Node = 'contador:inst13|inst'
        Info: 20: + IC(1.200 ns) + CELL(0.000 ns) = 59.500 ns; Loc. = LC5_A13; Fanout = 14; REG Node = 'contador:inst13|inst1'
        Info: Total cell delay = 20.300 ns ( 34.12 % )
        Info: Total interconnect delay = 39.200 ns ( 65.88 % )
    Info: + Micro clock to output delay of source is 1.100 ns
    Info: + Longest register to pin delay is 26.600 ns
        Info: 1: + IC(0.000 ns) + CELL(0.000 ns) = 0.000 ns; Loc. = LC5_A13; Fanout = 14; REG Node = 'contador:inst13|inst1'
        Info: 2: + IC(1.900 ns) + CELL(1.900 ns) = 3.800 ns; Loc. = LC7_A14; Fanout = 5; COMB Node = 'multiplexador:inst8|inst21~0'
        Info: 3: + IC(1.900 ns) + CELL(2.000 ns) = 7.700 ns; Loc. = LC2_A3; Fanout = 1; COMB Node = 'multiplexador:inst8|inst10~2'
        Info: 4: + IC(0.200 ns) + CELL(2.200 ns) = 10.100 ns; Loc. = LC1_A3; Fanout = 1; COMB Node = 'multiplexador:inst8|inst10~4'
        Info: 5: + IC(2.500 ns) + CELL(2.000 ns) = 14.600 ns; Loc. = LC1_A25; Fanout = 1; COMB Node = 'multiplexador:inst8|inst10~6'
        Info: 6: + IC(3.400 ns) + CELL(8.600 ns) = 26.600 ns; Loc. = PIN_120; Fanout = 0; PIN Node = 'B'
        Info: Total cell delay = 16.700 ns ( 62.78 % )
        Info: Total interconnect delay = 9.900 ns ( 37.22 % )
Info: th for register "registrador:inst1|inst4" (data pin = "entradaB2", clock pin = "botaoRegistro1") is -0.300 ns
    Info: + Longest clock path from clock "botaoRegistro1" to destination register is 1.900 ns
        Info: 1: + IC(0.000 ns) + CELL(0.500 ns) = 0.500 ns; Loc. = PIN_79; Fanout = 8; CLK Node = 'botaoRegistro1'
        Info: 2: + IC(1.400 ns) + CELL(0.000 ns) = 1.900 ns; Loc. = LC1_A26; Fanout = 10; REG Node = 'registrador:inst1|inst4'
        Info: Total cell delay = 0.500 ns ( 26.32 % )
        Info: Total interconnect delay = 1.400 ns ( 73.68 % )
    Info: + Micro hold delay of destination is 0.900 ns
    Info: - Shortest pin to register delay is 3.100 ns
        Info: 1: + IC(0.000 ns) + CELL(0.500 ns) = 0.500 ns; Loc. = PIN_80; Fanout = 1; PIN Node = 'entradaB2'
        Info: 2: + IC(1.600 ns) + CELL(1.000 ns) = 3.100 ns; Loc. = LC1_A26; Fanout = 10; REG Node = 'registrador:inst1|inst4'
        Info: Total cell delay = 1.500 ns ( 48.39 % )
        Info: Total interconnect delay = 1.600 ns ( 51.61 % )
Info: Quartus II Classic Timing Analyzer was successful. 0 errors, 2 warnings
    Info: Peak virtual memory: 178 megabytes
    Info: Processing ended: Fri Aug 16 08:01:29 2019
    Info: Elapsed time: 00:00:01
    Info: Total CPU time (on all processors): 00:00:01


