Analysis & Synthesis report for decodificadorSomaUnidade
Fri Aug 09 12:30:05 2019
Quartus II Version 9.0 Build 235 06/17/2009 Service Pack 2 SJ Web Edition


---------------------
; Table of Contents ;
---------------------
  1. Legal Notice
  2. Analysis & Synthesis Summary
  3. Analysis & Synthesis Settings
  4. Analysis & Synthesis Source Files Read
  5. Analysis & Synthesis Messages



----------------
; Legal Notice ;
----------------
Copyright (C) 1991-2009 Altera Corporation
Your use of Altera Corporation's design tools, logic functions 
and other software and tools, and its AMPP partner logic 
functions, and any output files from any of the foregoing 
(including device programming or simulation files), and any 
associated documentation or information are expressly subject 
to the terms and conditions of the Altera Program License 
Subscription Agreement, Altera MegaCore Function License 
Agreement, or other applicable license agreement, including, 
without limitation, that your use is for the sole purpose of 
programming logic devices manufactured by Altera and sold by 
Altera or its authorized distributors.  Please refer to the 
applicable agreement for further details.



+----------------------------------------------------------------------------+
; Analysis & Synthesis Summary                                               ;
+-----------------------------+----------------------------------------------+
; Analysis & Synthesis Status ; Failed - Fri Aug 09 12:30:05 2019            ;
; Quartus II Version          ; 9.0 Build 235 06/17/2009 SP 2 SJ Web Edition ;
; Revision Name               ; decodificadorSomaUnidade                     ;
; Top-level Entity Name       ; decodificadorSomaUnidade                     ;
; Family                      ; ACEX1K                                       ;
+-----------------------------+----------------------------------------------+


+--------------------------------------------------------------------------------------------------------------------+
; Analysis & Synthesis Settings                                                                                      ;
+--------------------------------------------------------------+--------------------------+--------------------------+
; Option                                                       ; Setting                  ; Default Value            ;
+--------------------------------------------------------------+--------------------------+--------------------------+
; Device                                                       ; EP1K100QC208-3           ;                          ;
; Top-level entity name                                        ; decodificadorSomaUnidade ; decodificadorSomaUnidade ;
; Family name                                                  ; ACEX1K                   ; Stratix II               ;
; Use Generated Physical Constraints File                      ; Off                      ;                          ;
; Use smart compilation                                        ; Off                      ; Off                      ;
; Create Debugging Nodes for IP Cores                          ; Off                      ; Off                      ;
; Preserve fewer node names                                    ; On                       ; On                       ;
; Disable OpenCore Plus hardware evaluation                    ; Off                      ; Off                      ;
; Verilog Version                                              ; Verilog_2001             ; Verilog_2001             ;
; VHDL Version                                                 ; VHDL93                   ; VHDL93                   ;
; State Machine Processing                                     ; Auto                     ; Auto                     ;
; Safe State Machine                                           ; Off                      ; Off                      ;
; Extract Verilog State Machines                               ; On                       ; On                       ;
; Extract VHDL State Machines                                  ; On                       ; On                       ;
; Ignore Verilog initial constructs                            ; Off                      ; Off                      ;
; Iteration limit for constant Verilog loops                   ; 5000                     ; 5000                     ;
; Iteration limit for non-constant Verilog loops               ; 250                      ; 250                      ;
; Add Pass-Through Logic to Inferred RAMs                      ; On                       ; On                       ;
; Parallel Synthesis                                           ; Off                      ; Off                      ;
; NOT Gate Push-Back                                           ; On                       ; On                       ;
; Power-Up Don't Care                                          ; On                       ; On                       ;
; Remove Redundant Logic Cells                                 ; Off                      ; Off                      ;
; Remove Duplicate Registers                                   ; On                       ; On                       ;
; Ignore CARRY Buffers                                         ; Off                      ; Off                      ;
; Ignore CASCADE Buffers                                       ; Off                      ; Off                      ;
; Ignore GLOBAL Buffers                                        ; Off                      ; Off                      ;
; Ignore ROW GLOBAL Buffers                                    ; Off                      ; Off                      ;
; Ignore LCELL Buffers                                         ; Off                      ; Off                      ;
; Ignore SOFT Buffers                                          ; On                       ; On                       ;
; Limit AHDL Integers to 32 Bits                               ; Off                      ; Off                      ;
; Auto Implement in ROM                                        ; Off                      ; Off                      ;
; Optimization Technique                                       ; Area                     ; Area                     ;
; Carry Chain Length                                           ; 32                       ; 32                       ;
; Cascade Chain Length                                         ; 2                        ; 2                        ;
; Auto Carry Chains                                            ; On                       ; On                       ;
; Auto Open-Drain Pins                                         ; On                       ; On                       ;
; Auto ROM Replacement                                         ; On                       ; On                       ;
; Auto RAM Replacement                                         ; On                       ; On                       ;
; Auto Clock Enable Replacement                                ; On                       ; On                       ;
; Strict RAM Replacement                                       ; Off                      ; Off                      ;
; Auto Resource Sharing                                        ; Off                      ; Off                      ;
; Allow Any RAM Size For Recognition                           ; Off                      ; Off                      ;
; Allow Any ROM Size For Recognition                           ; Off                      ; Off                      ;
; Use LogicLock Constraints during Resource Balancing          ; On                       ; On                       ;
; Ignore translate_off and synthesis_off directives            ; Off                      ; Off                      ;
; Show Parameter Settings Tables in Synthesis Report           ; On                       ; On                       ;
; HDL message level                                            ; Level2                   ; Level2                   ;
; Suppress Register Optimization Related Messages              ; Off                      ; Off                      ;
; Number of Removed Registers Reported in Synthesis Report     ; 100                      ; 100                      ;
; Number of Inverted Registers Reported in Synthesis Report    ; 100                      ; 100                      ;
; Block Design Naming                                          ; Auto                     ; Auto                     ;
; Synthesis Effort                                             ; Auto                     ; Auto                     ;
; Shift Register Replacement - Allow Asynchronous Clear Signal ; On                       ; On                       ;
; Analysis & Synthesis Message Level                           ; Medium                   ; Medium                   ;
+--------------------------------------------------------------+--------------------------+--------------------------+


+----------------------------------------------------------------------------------------------------------------------------------------------------------------------------------------------------------------------------------------------------------+
; Analysis & Synthesis Source Files Read                                                                                                                                                                                                                   ;
+----------------------------------------------------------------------+-----------------+------------------------------------+----------------------------------------------------------------------------------------------------------------------------+
; File Name with User-Entered Path                                     ; Used in Netlist ; File Type                          ; File Name with Absolute Path                                                                                               ;
+----------------------------------------------------------------------+-----------------+------------------------------------+----------------------------------------------------------------------------------------------------------------------------+
; ../decodificadorSomaUnidadeSaidaA/decodificadorSomaUnidadeSaidaA.bdf ; yes             ; User Block Diagram/Schematic File  ; C:/Users/danie/Documents/calculadora_binaria/componentes/decodificadorSomaUnidadeSaidaA/decodificadorSomaUnidadeSaidaA.bdf ;
; decodificadorSomaUnidade.bdf                                         ; yes             ; User Block Diagram/Schematic File  ; C:/Users/danie/Documents/calculadora_binaria/componentes/decodificadorSomaUnidade/decodificadorSomaUnidade.bdf             ;
+----------------------------------------------------------------------+-----------------+------------------------------------+----------------------------------------------------------------------------------------------------------------------------+


+-------------------------------+
; Analysis & Synthesis Messages ;
+-------------------------------+
Info: *******************************************************************
Info: Running Quartus II Analysis & Synthesis
    Info: Version 9.0 Build 235 06/17/2009 Service Pack 2 SJ Web Edition
    Info: Processing started: Fri Aug 09 12:30:03 2019
Info: Command: quartus_map --read_settings_files=on --write_settings_files=off decodificadorSomaUnidade -c decodificadorSomaUnidade
Warning: Can't analyze file -- file C:/Users/danie/Documents/calculadora_binaria/componentes/decodificadorSomaUnidadeSaidaA/decodificadorSomaUnidadeSaidaG.bdf is missing
Warning: Can't analyze file -- file C:/Users/danie/Documents/calculadora_binaria/componentes/decodificadorSomaUnidadeSaidaA/decodificadorSomaUnidadeSaidaF.bdf is missing
Warning: Can't analyze file -- file C:/Users/danie/Documents/calculadora_binaria/componentes/decodificadorSomaUnidadeSaidaA/decodificadorSomaUnidadeSaidaE.bdf is missing
Warning: Can't analyze file -- file C:/Users/danie/Documents/calculadora_binaria/componentes/decodificadorSomaUnidadeSaidaA/decodificadorSomaUnidadeSaidaD.bdf is missing
Warning: Can't analyze file -- file C:/Users/danie/Documents/calculadora_binaria/componentes/decodificadorSomaUnidadeSaidaA/decodificadorSomaUnidadeSaidaC.bdf is missing
Warning: Can't analyze file -- file C:/Users/danie/Documents/calculadora_binaria/componentes/decodificadorSomaUnidadeSaidaA/decodificadorSomaUnidadeSaidaB.bdf is missing
Info: Found 1 design units, including 1 entities, in source file ../decodificadorSomaUnidadeSaidaA/decodificadorSomaUnidadeSaidaA.bdf
    Info: Found entity 1: decodificadorSomaUnidadeSaidaA
Info: Found 1 design units, including 1 entities, in source file decodificadorSomaUnidade.bdf
    Info: Found entity 1: decodificadorSomaUnidade
Info: Elaborating entity "decodificadorSomaUnidade" for the top level hierarchy
Info: Elaborating entity "decodificadorSomaUnidadeSaidaA" for hierarchy "decodificadorSomaUnidadeSaidaA:inst1"
Error: Node instance "inst2" instantiates undefined entity "decodificadorSomaUnidadeSaidaB"
Error: Node instance "inst14" instantiates undefined entity "decodificadorSomaUnidadeSaidaC"
Error: Node instance "inst4" instantiates undefined entity "decodificadorSomaUnidadeSaidaD"
Error: Node instance "inst5" instantiates undefined entity "decodificadorSomaUnidadeSaidaE"
Error: Node instance "inst6" instantiates undefined entity "decodificadorSomaUnidadeSaidaF"
Error: Node instance "inst7" instantiates undefined entity "decodificadorSomaUnidadeSaidaG"
Error: Quartus II Analysis & Synthesis was unsuccessful. 6 errors, 6 warnings
    Error: Peak virtual memory: 211 megabytes
    Error: Processing ended: Fri Aug 09 12:30:05 2019
    Error: Elapsed time: 00:00:02
    Error: Total CPU time (on all processors): 00:00:02


