Classic Timing Analyzer report for contador
Fri Aug 16 07:57:13 2019
Quartus II Version 9.0 Build 235 06/17/2009 Service Pack 2 SJ Web Edition


---------------------
; Table of Contents ;
---------------------
  1. Legal Notice
  2. Timing Analyzer Summary
  3. Timing Analyzer Settings
  4. Clock Settings Summary
  5. Parallel Compilation
  6. Clock Setup: 'CLKd'
  7. tco
  8. Timing Analyzer Messages



----------------
; Legal Notice ;
----------------
Copyright (C) 1991-2009 Altera Corporation
Your use of Altera Corporation's design tools, logic functions 
and other software and tools, and its AMPP partner logic 
functions, and any output files from any of the foregoing 
(including device programming or simulation files), and any 
associated documentation or information are expressly subject 
to the terms and conditions of the Altera Program License 
Subscription Agreement, Altera MegaCore Function License 
Agreement, or other applicable license agreement, including, 
without limitation, that your use is for the sole purpose of 
programming logic devices manufactured by Altera and sold by 
Altera or its authorized distributors.  Please refer to the 
applicable agreement for further details.



+--------------------------------------------------------------------------------------------------------------------------------------------------------------+
; Timing Analyzer Summary                                                                                                                                      ;
+------------------------------+-------+---------------+------------------------------------------------+-------+-------+------------+----------+--------------+
; Type                         ; Slack ; Required Time ; Actual Time                                    ; From  ; To    ; From Clock ; To Clock ; Failed Paths ;
+------------------------------+-------+---------------+------------------------------------------------+-------+-------+------------+----------+--------------+
; Worst-case tco               ; N/A   ; None          ; 16.200 ns                                      ; inst1 ; sCmsb ; CLKd       ; --       ; 0            ;
; Clock Setup: 'CLKd'          ; N/A   ; None          ; Restricted to 200.00 MHz ( period = 5.000 ns ) ; inst  ; inst  ; CLKd       ; CLKd     ; 0            ;
; Total number of failed paths ;       ;               ;                                                ;       ;       ;            ;          ; 0            ;
+------------------------------+-------+---------------+------------------------------------------------+-------+-------+------------+----------+--------------+


+--------------------------------------------------------------------------------------------------------------------+
; Timing Analyzer Settings                                                                                           ;
+---------------------------------------------------------------------+--------------------+------+----+-------------+
; Option                                                              ; Setting            ; From ; To ; Entity Name ;
+---------------------------------------------------------------------+--------------------+------+----+-------------+
; Device Name                                                         ; EP1K100QC208-3     ;      ;    ;             ;
; Timing Models                                                       ; Final              ;      ;    ;             ;
; Default hold multicycle                                             ; Same as Multicycle ;      ;    ;             ;
; Cut paths between unrelated clock domains                           ; On                 ;      ;    ;             ;
; Cut off read during write signal paths                              ; On                 ;      ;    ;             ;
; Cut off feedback from I/O pins                                      ; On                 ;      ;    ;             ;
; Report Combined Fast/Slow Timing                                    ; Off                ;      ;    ;             ;
; Ignore Clock Settings                                               ; Off                ;      ;    ;             ;
; Analyze latches as synchronous elements                             ; On                 ;      ;    ;             ;
; Enable Recovery/Removal analysis                                    ; Off                ;      ;    ;             ;
; Enable Clock Latency                                                ; Off                ;      ;    ;             ;
; Use TimeQuest Timing Analyzer                                       ; Off                ;      ;    ;             ;
; Minimum Core Junction Temperature                                   ; 0                  ;      ;    ;             ;
; Maximum Core Junction Temperature                                   ; 85                 ;      ;    ;             ;
; Number of source nodes to report per destination node               ; 10                 ;      ;    ;             ;
; Number of destination nodes to report                               ; 10                 ;      ;    ;             ;
; Number of paths to report                                           ; 200                ;      ;    ;             ;
; Report Minimum Timing Checks                                        ; Off                ;      ;    ;             ;
; Use Fast Timing Models                                              ; Off                ;      ;    ;             ;
; Report IO Paths Separately                                          ; Off                ;      ;    ;             ;
; Perform Multicorner Analysis                                        ; Off                ;      ;    ;             ;
; Reports the worst-case path for each clock domain and analysis      ; Off                ;      ;    ;             ;
; Removes common clock path pessimism (CCPP) during slack computation ; Off                ;      ;    ;             ;
; Output I/O Timing Endpoint                                          ; Near End           ;      ;    ;             ;
+---------------------------------------------------------------------+--------------------+------+----+-------------+


+------------------------------------------------------------------------------------------------------------------------------------------------------------------------------------+
; Clock Settings Summary                                                                                                                                                             ;
+-----------------+--------------------+----------+------------------+---------------+--------------+----------+-----------------------+---------------------+--------+--------------+
; Clock Node Name ; Clock Setting Name ; Type     ; Fmax Requirement ; Early Latency ; Late Latency ; Based on ; Multiply Base Fmax by ; Divide Base Fmax by ; Offset ; Phase offset ;
+-----------------+--------------------+----------+------------------+---------------+--------------+----------+-----------------------+---------------------+--------+--------------+
; CLKd            ;                    ; User Pin ; None             ; 0.000 ns      ; 0.000 ns     ; --       ; N/A                   ; N/A                 ; N/A    ;              ;
+-----------------+--------------------+----------+------------------+---------------+--------------+----------+-----------------------+---------------------+--------+--------------+


Parallel compilation was disabled, but you have multiple processors available. Enable parallel compilation to reduce compilation time.
+-------------------------------------+
; Parallel Compilation                ;
+----------------------------+--------+
; Processors                 ; Number ;
+----------------------------+--------+
; Number detected on machine ; 2      ;
; Maximum allowed            ; 1      ;
+----------------------------+--------+


+------------------------------------------------------------------------------------------------------------------------------------------------------------------------------------+
; Clock Setup: 'CLKd'                                                                                                                                                                ;
+-------+------------------------------------------------+-------+-------+------------+----------+-----------------------------+---------------------------+-------------------------+
; Slack ; Actual fmax (period)                           ; From  ; To    ; From Clock ; To Clock ; Required Setup Relationship ; Required Longest P2P Time ; Actual Longest P2P Time ;
+-------+------------------------------------------------+-------+-------+------------+----------+-----------------------------+---------------------------+-------------------------+
; N/A   ; Restricted to 200.00 MHz ( period = 5.000 ns ) ; inst1 ; inst1 ; CLKd       ; CLKd     ; None                        ; None                      ; 1.200 ns                ;
; N/A   ; Restricted to 200.00 MHz ( period = 5.000 ns ) ; inst  ; inst  ; CLKd       ; CLKd     ; None                        ; None                      ; 1.200 ns                ;
+-------+------------------------------------------------+-------+-------+------------+----------+-----------------------------+---------------------------+-------------------------+


+----------------------------------------------------------------+
; tco                                                            ;
+-------+--------------+------------+-------+-------+------------+
; Slack ; Required tco ; Actual tco ; From  ; To    ; From Clock ;
+-------+--------------+------------+-------+-------+------------+
; N/A   ; None         ; 16.200 ns  ; inst1 ; sCmsb ; CLKd       ;
; N/A   ; None         ; 14.300 ns  ; inst  ; sClsb ; CLKd       ;
+-------+--------------+------------+-------+-------+------------+


+--------------------------+
; Timing Analyzer Messages ;
+--------------------------+
Info: *******************************************************************
Info: Running Quartus II Classic Timing Analyzer
    Info: Version 9.0 Build 235 06/17/2009 Service Pack 2 SJ Web Edition
    Info: Processing started: Fri Aug 16 07:57:13 2019
Info: Command: quartus_tan --read_settings_files=off --write_settings_files=off contador -c contador
Info: Started post-fitting delay annotation
Info: Delay annotation completed successfully
Warning: Found pins functioning as undefined clocks and/or memory enables
    Info: Assuming node "CLKd" is an undefined clock
Warning: Found 1 node(s) in clock paths which may be acting as ripple and/or gated clocks -- node(s) analyzed as buffer(s) resulting in clock skew
    Info: Detected ripple clock "inst" as buffer
Info: Clock "CLKd" Internal fmax is restricted to 200.0 MHz between source register "inst1" and destination register "inst1"
    Info: fmax restricted to Clock High delay (2.5 ns) plus Clock Low delay (2.5 ns) : restricted to 5.0 ns. Expand message to see actual delay path.
        Info: + Longest register to register delay is 1.200 ns
            Info: 1: + IC(0.000 ns) + CELL(0.000 ns) = 0.000 ns; Loc. = LC6_D50; Fanout = 2; REG Node = 'inst1'
            Info: 2: + IC(0.200 ns) + CELL(1.000 ns) = 1.200 ns; Loc. = LC6_D50; Fanout = 2; REG Node = 'inst1'
            Info: Total cell delay = 1.000 ns ( 83.33 % )
            Info: Total interconnect delay = 0.200 ns ( 16.67 % )
        Info: - Smallest clock skew is 0.000 ns
            Info: + Shortest clock path from clock "CLKd" to destination register is 5.800 ns
                Info: 1: + IC(0.000 ns) + CELL(0.500 ns) = 0.500 ns; Loc. = PIN_79; Fanout = 1; CLK Node = 'CLKd'
                Info: 2: + IC(1.400 ns) + CELL(1.100 ns) = 3.000 ns; Loc. = LC1_D5; Fanout = 3; REG Node = 'inst'
                Info: 3: + IC(2.800 ns) + CELL(0.000 ns) = 5.800 ns; Loc. = LC6_D50; Fanout = 2; REG Node = 'inst1'
                Info: Total cell delay = 1.600 ns ( 27.59 % )
                Info: Total interconnect delay = 4.200 ns ( 72.41 % )
            Info: - Longest clock path from clock "CLKd" to source register is 5.800 ns
                Info: 1: + IC(0.000 ns) + CELL(0.500 ns) = 0.500 ns; Loc. = PIN_79; Fanout = 1; CLK Node = 'CLKd'
                Info: 2: + IC(1.400 ns) + CELL(1.100 ns) = 3.000 ns; Loc. = LC1_D5; Fanout = 3; REG Node = 'inst'
                Info: 3: + IC(2.800 ns) + CELL(0.000 ns) = 5.800 ns; Loc. = LC6_D50; Fanout = 2; REG Node = 'inst1'
                Info: Total cell delay = 1.600 ns ( 27.59 % )
                Info: Total interconnect delay = 4.200 ns ( 72.41 % )
        Info: + Micro clock to output delay of source is 1.100 ns
        Info: + Micro setup delay of destination is 0.700 ns
Info: tco from clock "CLKd" to destination pin "sCmsb" through register "inst1" is 16.200 ns
    Info: + Longest clock path from clock "CLKd" to source register is 5.800 ns
        Info: 1: + IC(0.000 ns) + CELL(0.500 ns) = 0.500 ns; Loc. = PIN_79; Fanout = 1; CLK Node = 'CLKd'
        Info: 2: + IC(1.400 ns) + CELL(1.100 ns) = 3.000 ns; Loc. = LC1_D5; Fanout = 3; REG Node = 'inst'
        Info: 3: + IC(2.800 ns) + CELL(0.000 ns) = 5.800 ns; Loc. = LC6_D50; Fanout = 2; REG Node = 'inst1'
        Info: Total cell delay = 1.600 ns ( 27.59 % )
        Info: Total interconnect delay = 4.200 ns ( 72.41 % )
    Info: + Micro clock to output delay of source is 1.100 ns
    Info: + Longest register to pin delay is 9.300 ns
        Info: 1: + IC(0.000 ns) + CELL(0.000 ns) = 0.000 ns; Loc. = LC6_D50; Fanout = 2; REG Node = 'inst1'
        Info: 2: + IC(0.700 ns) + CELL(8.600 ns) = 9.300 ns; Loc. = PIN_19; Fanout = 0; PIN Node = 'sCmsb'
        Info: Total cell delay = 8.600 ns ( 92.47 % )
        Info: Total interconnect delay = 0.700 ns ( 7.53 % )
Info: Quartus II Classic Timing Analyzer was successful. 0 errors, 2 warnings
    Info: Peak virtual memory: 177 megabytes
    Info: Processing ended: Fri Aug 16 07:57:14 2019
    Info: Elapsed time: 00:00:01
    Info: Total CPU time (on all processors): 00:00:00


