Classic Timing Analyzer report for somadorSubtrator
Fri Aug 09 10:48:39 2019
Quartus II Version 9.0 Build 235 06/17/2009 Service Pack 2 SJ Web Edition


---------------------
; Table of Contents ;
---------------------
  1. Legal Notice
  2. Timing Analyzer Summary
  3. Timing Analyzer Settings
  4. Parallel Compilation
  5. tpd
  6. Timing Analyzer Messages



----------------
; Legal Notice ;
----------------
Copyright (C) 1991-2009 Altera Corporation
Your use of Altera Corporation's design tools, logic functions 
and other software and tools, and its AMPP partner logic 
functions, and any output files from any of the foregoing 
(including device programming or simulation files), and any 
associated documentation or information are expressly subject 
to the terms and conditions of the Altera Program License 
Subscription Agreement, Altera MegaCore Function License 
Agreement, or other applicable license agreement, including, 
without limitation, that your use is for the sole purpose of 
programming logic devices manufactured by Altera and sold by 
Altera or its authorized distributors.  Please refer to the 
applicable agreement for further details.



+----------------------------------------------------------------------------------------------------------------------------+
; Timing Analyzer Summary                                                                                                    ;
+------------------------------+-------+---------------+-------------+------+---------+------------+----------+--------------+
; Type                         ; Slack ; Required Time ; Actual Time ; From ; To      ; From Clock ; To Clock ; Failed Paths ;
+------------------------------+-------+---------------+-------------+------+---------+------------+----------+--------------+
; Worst-case tpd               ; N/A   ; None          ; 21.500 ns   ; LSB1 ; somaMSB ; --         ; --       ; 0            ;
; Total number of failed paths ;       ;               ;             ;      ;         ;            ;          ; 0            ;
+------------------------------+-------+---------------+-------------+------+---------+------------+----------+--------------+


+--------------------------------------------------------------------------------------------------------------------+
; Timing Analyzer Settings                                                                                           ;
+---------------------------------------------------------------------+--------------------+------+----+-------------+
; Option                                                              ; Setting            ; From ; To ; Entity Name ;
+---------------------------------------------------------------------+--------------------+------+----+-------------+
; Device Name                                                         ; EP1K100QC208-3     ;      ;    ;             ;
; Timing Models                                                       ; Final              ;      ;    ;             ;
; Default hold multicycle                                             ; Same as Multicycle ;      ;    ;             ;
; Cut paths between unrelated clock domains                           ; On                 ;      ;    ;             ;
; Cut off read during write signal paths                              ; On                 ;      ;    ;             ;
; Cut off feedback from I/O pins                                      ; On                 ;      ;    ;             ;
; Report Combined Fast/Slow Timing                                    ; Off                ;      ;    ;             ;
; Ignore Clock Settings                                               ; Off                ;      ;    ;             ;
; Analyze latches as synchronous elements                             ; On                 ;      ;    ;             ;
; Enable Recovery/Removal analysis                                    ; Off                ;      ;    ;             ;
; Enable Clock Latency                                                ; Off                ;      ;    ;             ;
; Use TimeQuest Timing Analyzer                                       ; Off                ;      ;    ;             ;
; Minimum Core Junction Temperature                                   ; 0                  ;      ;    ;             ;
; Maximum Core Junction Temperature                                   ; 85                 ;      ;    ;             ;
; Number of source nodes to report per destination node               ; 10                 ;      ;    ;             ;
; Number of destination nodes to report                               ; 10                 ;      ;    ;             ;
; Number of paths to report                                           ; 200                ;      ;    ;             ;
; Report Minimum Timing Checks                                        ; Off                ;      ;    ;             ;
; Use Fast Timing Models                                              ; Off                ;      ;    ;             ;
; Report IO Paths Separately                                          ; Off                ;      ;    ;             ;
; Perform Multicorner Analysis                                        ; Off                ;      ;    ;             ;
; Reports the worst-case path for each clock domain and analysis      ; Off                ;      ;    ;             ;
; Removes common clock path pessimism (CCPP) during slack computation ; Off                ;      ;    ;             ;
; Output I/O Timing Endpoint                                          ; Near End           ;      ;    ;             ;
+---------------------------------------------------------------------+--------------------+------+----+-------------+


Parallel compilation was disabled, but you have multiple processors available. Enable parallel compilation to reduce compilation time.
+-------------------------------------+
; Parallel Compilation                ;
+----------------------------+--------+
; Processors                 ; Number ;
+----------------------------+--------+
; Number detected on machine ; 2      ;
; Maximum allowed            ; 1      ;
+----------------------------+--------+


+-------------------------------------------------------------------+
; tpd                                                               ;
+-------+-------------------+-----------------+----------+----------+
; Slack ; Required P2P Time ; Actual P2P Time ; From     ; To       ;
+-------+-------------------+-----------------+----------+----------+
; N/A   ; None              ; 21.500 ns       ; LSB1     ; somaMSB  ;
; N/A   ; None              ; 21.400 ns       ; operacao ; somaMSB  ;
; N/A   ; None              ; 21.200 ns       ; LSB2     ; somaMSB  ;
; N/A   ; None              ; 20.800 ns       ; valorB2  ; somaMSB  ;
; N/A   ; None              ; 20.600 ns       ; MSB2     ; somaMSB  ;
; N/A   ; None              ; 19.500 ns       ; valorC1  ; somaMSB  ;
; N/A   ; None              ; 19.400 ns       ; MSB1     ; somaMSB  ;
; N/A   ; None              ; 19.000 ns       ; valorC2  ; somaMSB  ;
; N/A   ; None              ; 18.200 ns       ; LSB1     ; somaB    ;
; N/A   ; None              ; 18.100 ns       ; operacao ; somaB    ;
; N/A   ; None              ; 18.000 ns       ; LSB1     ; carryOut ;
; N/A   ; None              ; 17.900 ns       ; LSB2     ; somaB    ;
; N/A   ; None              ; 17.900 ns       ; operacao ; carryOut ;
; N/A   ; None              ; 17.700 ns       ; LSB2     ; carryOut ;
; N/A   ; None              ; 17.500 ns       ; valorB2  ; somaB    ;
; N/A   ; None              ; 17.300 ns       ; valorB1  ; somaMSB  ;
; N/A   ; None              ; 17.300 ns       ; valorB2  ; carryOut ;
; N/A   ; None              ; 16.200 ns       ; valorC1  ; somaB    ;
; N/A   ; None              ; 16.000 ns       ; valorC1  ; carryOut ;
; N/A   ; None              ; 15.700 ns       ; valorC2  ; somaB    ;
; N/A   ; None              ; 15.500 ns       ; LSB1     ; somaC    ;
; N/A   ; None              ; 15.500 ns       ; valorC2  ; carryOut ;
; N/A   ; None              ; 15.400 ns       ; operacao ; somaC    ;
; N/A   ; None              ; 15.200 ns       ; LSB2     ; somaC    ;
; N/A   ; None              ; 13.800 ns       ; valorC1  ; somaC    ;
; N/A   ; None              ; 13.800 ns       ; valorB1  ; carryOut ;
; N/A   ; None              ; 13.600 ns       ; LSB1     ; somaLSB  ;
; N/A   ; None              ; 13.500 ns       ; valorC2  ; somaC    ;
; N/A   ; None              ; 13.400 ns       ; LSB2     ; somaLSB  ;
; N/A   ; None              ; 13.300 ns       ; valorB1  ; somaB    ;
+-------+-------------------+-----------------+----------+----------+


+--------------------------+
; Timing Analyzer Messages ;
+--------------------------+
Info: *******************************************************************
Info: Running Quartus II Classic Timing Analyzer
    Info: Version 9.0 Build 235 06/17/2009 Service Pack 2 SJ Web Edition
    Info: Processing started: Fri Aug 09 10:48:39 2019
Info: Command: quartus_tan --read_settings_files=off --write_settings_files=off somadorSubtrator -c somadorSubtrator
Info: Started post-fitting delay annotation
Info: Delay annotation completed successfully
Info: Longest tpd from source pin "LSB1" to destination pin "somaMSB" is 21.500 ns
    Info: 1: + IC(0.000 ns) + CELL(0.500 ns) = 0.500 ns; Loc. = PIN_80; Fanout = 2; PIN Node = 'LSB1'
    Info: 2: + IC(1.600 ns) + CELL(2.000 ns) = 4.100 ns; Loc. = LC1_L24; Fanout = 2; COMB Node = 'somadorCompleto:inst7|inst6~0'
    Info: 3: + IC(0.200 ns) + CELL(2.000 ns) = 6.300 ns; Loc. = LC4_L24; Fanout = 2; COMB Node = 'somadorCompleto:inst6|inst6~0'
    Info: 4: + IC(0.200 ns) + CELL(2.000 ns) = 8.500 ns; Loc. = LC8_L24; Fanout = 2; COMB Node = 'somadorCompleto:inst5|inst6~0'
    Info: 5: + IC(0.200 ns) + CELL(2.200 ns) = 10.900 ns; Loc. = LC6_L24; Fanout = 1; COMB Node = 'somadorCompleto:inst4|inst4'
    Info: 6: + IC(2.100 ns) + CELL(8.500 ns) = 21.500 ns; Loc. = PIN_177; Fanout = 0; PIN Node = 'somaMSB'
    Info: Total cell delay = 17.200 ns ( 80.00 % )
    Info: Total interconnect delay = 4.300 ns ( 20.00 % )
Info: Quartus II Classic Timing Analyzer was successful. 0 errors, 0 warnings
    Info: Peak virtual memory: 177 megabytes
    Info: Processing ended: Fri Aug 09 10:48:39 2019
    Info: Elapsed time: 00:00:00
    Info: Total CPU time (on all processors): 00:00:00


